{"C:\\Users\\Ramos\\Documents\\GitHub\\PlanningTask\\app\\layout.tsx": {"path":"C:\\Users\\Ramos\\Documents\\GitHub\\PlanningTask\\app\\layout.tsx","statementMap":{"0":{"start":{"line":9,"column":24},"end":{"line":9,"column":35}},"1":{"start":{"line":4,"column":13},"end":{"line":4,"column":21}},"2":{"start":{"line":2,"column":7},"end":{"line":2,"column":null}},"3":{"start":{"line":4,"column":34},"end":{"line":7,"column":null}}},"fnMap":{"0":{"name":"RootLayout","decl":{"start":{"line":9,"column":24},"end":{"line":9,"column":35}},"loc":{"start":{"line":13,"column":1},"end":{"line":24,"column":1}}}},"branchMap":{},"s":{"0":0,"1":0,"2":0,"3":0},"f":{"0":0},"b":{}}
,"C:\\Users\\Ramos\\Documents\\GitHub\\PlanningTask\\app\\(dashboard\\)\\layout.tsx": {"path":"C:\\Users\\Ramos\\Documents\\GitHub\\PlanningTask\\app\\(dashboard\\)\\layout.tsx","statementMap":{"0":{"start":{"line":6,"column":24},"end":{"line":6,"column":40}},"1":{"start":{"line":3,"column":20},"end":{"line":3,"column":null}},"2":{"start":{"line":4,"column":19},"end":{"line":4,"column":null}}},"fnMap":{"0":{"name":"DashboardLayout","decl":{"start":{"line":6,"column":24},"end":{"line":6,"column":40}},"loc":{"start":{"line":10,"column":1},"end":{"line":22,"column":null}}}},"branchMap":{},"s":{"0":0,"1":0,"2":0},"f":{"0":0},"b":{}}
,"C:\\Users\\Ramos\\Documents\\GitHub\\PlanningTask\\app\\(dashboard\\)\\dashboard\\page.tsx": {"path":"C:\\Users\\Ramos\\Documents\\GitHub\\PlanningTask\\app\\(dashboard\\)\\dashboard\\page.tsx","statementMap":{"0":{"start":{"line":7,"column":24},"end":{"line":7,"column":null}},"1":{"start":{"line":3,"column":24},"end":{"line":3,"column":null}},"2":{"start":{"line":4,"column":20},"end":{"line":4,"column":null}},"3":{"start":{"line":5,"column":57},"end":{"line":5,"column":null}},"4":{"start":{"line":8,"column":28},"end":{"line":8,"column":null}},"5":{"start":{"line":10,"column":2},"end":{"line":16,"column":null}}},"fnMap":{"0":{"name":"DashboardPage","decl":{"start":{"line":7,"column":24},"end":{"line":7,"column":null}},"loc":{"start":{"line":7,"column":24},"end":{"line":84,"column":null}}}},"branchMap":{"0":{"loc":{"start":{"line":10,"column":2},"end":{"line":16,"column":null}},"type":"if","locations":[{"start":{"line":10,"column":2},"end":{"line":16,"column":null}},{"start":{},"end":{}}]}},"s":{"0":0,"1":0,"2":0,"3":0,"4":0,"5":0},"f":{"0":0},"b":{"0":[0,0]}}
,"C:\\Users\\Ramos\\Documents\\GitHub\\PlanningTask\\app\\(dashboard\\)\\projects\\page.tsx": {"path":"C:\\Users\\Ramos\\Documents\\GitHub\\PlanningTask\\app\\(dashboard\\)\\projects\\page.tsx","statementMap":{"0":{"start":{"line":13,"column":24},"end":{"line":13,"column":null}},"1":{"start":{"line":3,"column":25},"end":{"line":3,"column":null}},"2":{"start":{"line":4,"column":24},"end":{"line":4,"column":null}},"3":{"start":{"line":5,"column":28},"end":{"line":5,"column":null}},"4":{"start":{"line":6,"column":19},"end":{"line":6,"column":null}},"5":{"start":{"line":7,"column":24},"end":{"line":7,"column":null}},"6":{"start":{"line":8,"column":25},"end":{"line":8,"column":null}},"7":{"start":{"line":9,"column":20},"end":{"line":9,"column":null}},"8":{"start":{"line":11,"column":31},"end":{"line":11,"column":null}},"9":{"start":{"line":14,"column":41},"end":{"line":14,"column":null}},"10":{"start":{"line":15,"column":84},"end":{"line":15,"column":null}},"11":{"start":{"line":16,"column":40},"end":{"line":16,"column":null}},"12":{"start":{"line":17,"column":36},"end":{"line":17,"column":null}},"13":{"start":{"line":19,"column":2},"end":{"line":25,"column":null}},"14":{"start":{"line":27,"column":30},"end":{"line":42,"column":null}},"15":{"start":{"line":28,"column":4},"end":{"line":28,"column":null}},"16":{"start":{"line":29,"column":4},"end":{"line":41,"column":null}},"17":{"start":{"line":30,"column":6},"end":{"line":34,"column":null}},"18":{"start":{"line":35,"column":6},"end":{"line":35,"column":null}},"19":{"start":{"line":36,"column":6},"end":{"line":36,"column":null}},"20":{"start":{"line":38,"column":6},"end":{"line":38,"column":null}},"21":{"start":{"line":40,"column":6},"end":{"line":40,"column":null}},"22":{"start":{"line":44,"column":30},"end":{"line":53,"column":null}},"23":{"start":{"line":45,"column":4},"end":{"line":45,"column":null}},"24":{"start":{"line":45,"column":80},"end":{"line":45,"column":null}},"25":{"start":{"line":47,"column":4},"end":{"line":52,"column":null}},"26":{"start":{"line":48,"column":6},"end":{"line":48,"column":null}},"27":{"start":{"line":49,"column":6},"end":{"line":49,"column":null}},"28":{"start":{"line":51,"column":6},"end":{"line":51,"column":null}},"29":{"start":{"line":64,"column":33},"end":{"line":64,"column":55}},"30":{"start":{"line":82,"column":23},"end":{"line":82,"column":null}}},"fnMap":{"0":{"name":"ProjectsPage","decl":{"start":{"line":13,"column":24},"end":{"line":13,"column":null}},"loc":{"start":{"line":13,"column":24},"end":{"line":87,"column":null}}},"1":{"name":"(anonymous_6)","decl":{"start":{"line":27,"column":30},"end":{"line":27,"column":37}},"loc":{"start":{"line":27,"column":37},"end":{"line":42,"column":null}}},"2":{"name":"(anonymous_7)","decl":{"start":{"line":44,"column":30},"end":{"line":44,"column":37}},"loc":{"start":{"line":44,"column":37},"end":{"line":53,"column":null}}},"3":{"name":"(anonymous_8)","decl":{"start":{"line":64,"column":27},"end":{"line":64,"column":33}},"loc":{"start":{"line":64,"column":33},"end":{"line":64,"column":55}}},"4":{"name":"(anonymous_9)","decl":{"start":{"line":82,"column":17},"end":{"line":82,"column":23}},"loc":{"start":{"line":82,"column":23},"end":{"line":82,"column":null}}}},"branchMap":{"0":{"loc":{"start":{"line":15,"column":96},"end":{"line":15,"column":null}},"type":"binary-expr","locations":[{"start":{"line":15,"column":96},"end":{"line":15,"column":109}},{"start":{"line":15,"column":109},"end":{"line":15,"column":null}}]},"1":{"loc":{"start":{"line":19,"column":2},"end":{"line":25,"column":null}},"type":"if","locations":[{"start":{"line":19,"column":2},"end":{"line":25,"column":null}},{"start":{},"end":{}}]},"2":{"loc":{"start":{"line":19,"column":6},"end":{"line":19,"column":30}},"type":"binary-expr","locations":[{"start":{"line":19,"column":6},"end":{"line":19,"column":21}},{"start":{"line":19,"column":21},"end":{"line":19,"column":30}}]},"3":{"loc":{"start":{"line":45,"column":4},"end":{"line":45,"column":null}},"type":"if","locations":[{"start":{"line":45,"column":4},"end":{"line":45,"column":null}},{"start":{},"end":{}}]},"4":{"loc":{"start":{"line":67,"column":9},"end":{"line":67,"column":null}},"type":"binary-expr","locations":[{"start":{"line":67,"column":9},"end":{"line":67,"column":null}}]}},"s":{"0":0,"1":0,"2":0,"3":0,"4":0,"5":0,"6":0,"7":0,"8":0,"9":0,"10":0,"11":0,"12":0,"13":0,"14":0,"15":0,"16":0,"17":0,"18":0,"19":0,"20":0,"21":0,"22":0,"23":0,"24":0,"25":0,"26":0,"27":0,"28":0,"29":0,"30":0},"f":{"0":0,"1":0,"2":0,"3":0,"4":0},"b":{"0":[0,0],"1":[0,0],"2":[0,0],"3":[0,0],"4":[0]}}
,"C:\\Users\\Ramos\\Documents\\GitHub\\PlanningTask\\app\\(dashboard\\)\\projects\\[projectId\\]\\page.tsx": {"path":"C:\\Users\\Ramos\\Documents\\GitHub\\PlanningTask\\app\\(dashboard\\)\\projects\\[projectId\\]\\page.tsx","statementMap":{"0":{"start":{"line":17,"column":24},"end":{"line":17,"column":null}},"1":{"start":{"line":3,"column":26},"end":{"line":3,"column":null}},"2":{"start":{"line":4,"column":24},"end":{"line":4,"column":null}},"3":{"start":{"line":5,"column":28},"end":{"line":5,"column":null}},"4":{"start":{"line":6,"column":27},"end":{"line":6,"column":null}},"5":{"start":{"line":7,"column":25},"end":{"line":7,"column":null}},"6":{"start":{"line":8,"column":20},"end":{"line":8,"column":null}},"7":{"start":{"line":9,"column":57},"end":{"line":9,"column":null}},"8":{"start":{"line":10,"column":19},"end":{"line":10,"column":null}},"9":{"start":{"line":11,"column":27},"end":{"line":11,"column":null}},"10":{"start":{"line":12,"column":40},"end":{"line":12,"column":null}},"11":{"start":{"line":13,"column":17},"end":{"line":13,"column":null}},"12":{"start":{"line":14,"column":45},"end":{"line":14,"column":null}},"13":{"start":{"line":15,"column":24},"end":{"line":15,"column":null}},"14":{"start":{"line":18,"column":17},"end":{"line":18,"column":null}},"15":{"start":{"line":19,"column":20},"end":{"line":19,"column":36}},"16":{"start":{"line":21,"column":41},"end":{"line":21,"column":null}},"17":{"start":{"line":22,"column":49},"end":{"line":22,"column":null}},"18":{"start":{"line":23,"column":47},"end":{"line":23,"column":null}},"19":{"start":{"line":24,"column":46},"end":{"line":24,"column":null}},"20":{"start":{"line":26,"column":18},"end":{"line":26,"column":null}},"21":{"start":{"line":26,"column":32},"end":{"line":26,"column":72}},"22":{"start":{"line":26,"column":51},"end":{"line":26,"column":72}},"23":{"start":{"line":27,"column":18},"end":{"line":27,"column":null}},"24":{"start":{"line":27,"column":32},"end":{"line":27,"column":67}},"25":{"start":{"line":29,"column":2},"end":{"line":35,"column":null}},"26":{"start":{"line":37,"column":2},"end":{"line":43,"column":null}},"27":{"start":{"line":159,"column":16},"end":{"line":159,"column":37}}},"fnMap":{"0":{"name":"ProjectDetailPage","decl":{"start":{"line":17,"column":24},"end":{"line":17,"column":null}},"loc":{"start":{"line":17,"column":24},"end":{"line":182,"column":null}}},"1":{"name":"(anonymous_3)","decl":{"start":{"line":26,"column":26},"end":{"line":26,"column":32}},"loc":{"start":{"line":26,"column":32},"end":{"line":26,"column":72}}},"2":{"name":"(anonymous_4)","decl":{"start":{"line":26,"column":46},"end":{"line":26,"column":51}},"loc":{"start":{"line":26,"column":51},"end":{"line":26,"column":72}}},"3":{"name":"(anonymous_5)","decl":{"start":{"line":27,"column":26},"end":{"line":27,"column":32}},"loc":{"start":{"line":27,"column":32},"end":{"line":27,"column":67}}},"4":{"name":"(anonymous_6)","decl":{"start":{"line":158,"column":39},"end":{"line":158,"column":null}},"loc":{"start":{"line":159,"column":16},"end":{"line":159,"column":37}}}},"branchMap":{"0":{"loc":{"start":{"line":22,"column":61},"end":{"line":22,"column":null}},"type":"binary-expr","locations":[{"start":{"line":22,"column":61},"end":{"line":22,"column":74}},{"start":{"line":22,"column":74},"end":{"line":22,"column":null}}]},"1":{"loc":{"start":{"line":29,"column":2},"end":{"line":35,"column":null}},"type":"if","locations":[{"start":{"line":29,"column":2},"end":{"line":35,"column":null}},{"start":{},"end":{}}]},"2":{"loc":{"start":{"line":29,"column":6},"end":{"line":29,"column":72}},"type":"binary-expr","locations":[{"start":{"line":29,"column":6},"end":{"line":29,"column":21}},{"start":{"line":29,"column":21},"end":{"line":29,"column":40}},{"start":{"line":29,"column":40},"end":{"line":29,"column":58}},{"start":{"line":29,"column":58},"end":{"line":29,"column":72}}]},"3":{"loc":{"start":{"line":37,"column":2},"end":{"line":43,"column":null}},"type":"if","locations":[{"start":{"line":37,"column":2},"end":{"line":43,"column":null}},{"start":{},"end":{}}]},"4":{"loc":{"start":{"line":55,"column":12},"end":{"line":58,"column":null}},"type":"cond-expr","locations":[{"start":{"line":55,"column":42},"end":{"line":55,"column":null}},{"start":{"line":56,"column":12},"end":{"line":58,"column":null}}]},"5":{"loc":{"start":{"line":56,"column":12},"end":{"line":58,"column":null}},"type":"cond-expr","locations":[{"start":{"line":56,"column":43},"end":{"line":56,"column":null}},{"start":{"line":57,"column":12},"end":{"line":58,"column":null}}]},"6":{"loc":{"start":{"line":57,"column":12},"end":{"line":58,"column":null}},"type":"cond-expr","locations":[{"start":{"line":57,"column":45},"end":{"line":57,"column":null}},{"start":{"line":58,"column":12},"end":{"line":58,"column":null}}]},"7":{"loc":{"start":{"line":60,"column":13},"end":{"line":62,"column":null}},"type":"cond-expr","locations":[{"start":{"line":60,"column":43},"end":{"line":60,"column":null}},{"start":{"line":61,"column":13},"end":{"line":62,"column":null}}]},"8":{"loc":{"start":{"line":61,"column":13},"end":{"line":62,"column":null}},"type":"cond-expr","locations":[{"start":{"line":61,"column":44},"end":{"line":61,"column":null}},{"start":{"line":62,"column":13},"end":{"line":62,"column":null}}]},"9":{"loc":{"start":{"line":62,"column":13},"end":{"line":62,"column":null}},"type":"cond-expr","locations":[{"start":{"line":62,"column":46},"end":{"line":62,"column":61}},{"start":{"line":62,"column":61},"end":{"line":62,"column":null}}]},"10":{"loc":{"start":{"line":155,"column":12},"end":{"line":157,"column":13}},"type":"cond-expr","locations":[{"start":{"line":155,"column":12},"end":{"line":157,"column":13}}]},"11":{"loc":{"start":{"line":167,"column":20},"end":{"line":169,"column":null}},"type":"cond-expr","locations":[{"start":{"line":167,"column":49},"end":{"line":167,"column":null}},{"start":{"line":168,"column":20},"end":{"line":169,"column":null}}]},"12":{"loc":{"start":{"line":168,"column":20},"end":{"line":169,"column":null}},"type":"cond-expr","locations":[{"start":{"line":168,"column":50},"end":{"line":168,"column":null}},{"start":{"line":169,"column":20},"end":{"line":169,"column":null}}]},"13":{"loc":{"start":{"line":171,"column":21},"end":{"line":172,"column":null}},"type":"cond-expr","locations":[{"start":{"line":171,"column":50},"end":{"line":171,"column":null}},{"start":{"line":172,"column":21},"end":{"line":172,"column":null}}]},"14":{"loc":{"start":{"line":172,"column":21},"end":{"line":172,"column":null}},"type":"cond-expr","locations":[{"start":{"line":172,"column":51},"end":{"line":172,"column":64}},{"start":{"line":172,"column":64},"end":{"line":172,"column":null}}]}},"s":{"0":0,"1":0,"2":0,"3":0,"4":0,"5":0,"6":0,"7":0,"8":0,"9":0,"10":0,"11":0,"12":0,"13":0,"14":0,"15":0,"16":0,"17":0,"18":0,"19":0,"20":0,"21":0,"22":0,"23":0,"24":0,"25":0,"26":0,"27":0},"f":{"0":0,"1":0,"2":0,"3":0,"4":0},"b":{"0":[0,0],"1":[0,0],"2":[0,0,0,0],"3":[0,0],"4":[0,0],"5":[0,0],"6":[0,0],"7":[0,0],"8":[0,0],"9":[0,0],"10":[0],"11":[0,0],"12":[0,0],"13":[0,0],"14":[0,0]}}
,"C:\\Users\\Ramos\\Documents\\GitHub\\PlanningTask\\app\\(dashboard\\)\\projects\\[projectId\\]\\sprints\\page.tsx": {"path":"C:\\Users\\Ramos\\Documents\\GitHub\\PlanningTask\\app\\(dashboard\\)\\projects\\[projectId\\]\\sprints\\page.tsx","statementMap":{"0":{"start":{"line":18,"column":24},"end":{"line":18,"column":null}},"1":{"start":{"line":3,"column":34},"end":{"line":3,"column":null}},"2":{"start":{"line":4,"column":26},"end":{"line":4,"column":null}},"3":{"start":{"line":5,"column":24},"end":{"line":5,"column":null}},"4":{"start":{"line":6,"column":27},"end":{"line":6,"column":null}},"5":{"start":{"line":7,"column":25},"end":{"line":7,"column":null}},"6":{"start":{"line":8,"column":28},"end":{"line":8,"column":null}},"7":{"start":{"line":9,"column":19},"end":{"line":9,"column":null}},"8":{"start":{"line":10,"column":20},"end":{"line":10,"column":null}},"9":{"start":{"line":11,"column":57},"end":{"line":11,"column":null}},"10":{"start":{"line":12,"column":23},"end":{"line":12,"column":null}},"11":{"start":{"line":13,"column":31},"end":{"line":13,"column":null}},"12":{"start":{"line":15,"column":18},"end":{"line":15,"column":null}},"13":{"start":{"line":16,"column":23},"end":{"line":16,"column":null}},"14":{"start":{"line":19,"column":17},"end":{"line":19,"column":null}},"15":{"start":{"line":20,"column":20},"end":{"line":20,"column":36}},"16":{"start":{"line":22,"column":41},"end":{"line":22,"column":null}},"17":{"start":{"line":23,"column":49},"end":{"line":23,"column":null}},"18":{"start":{"line":24,"column":89},"end":{"line":24,"column":null}},"19":{"start":{"line":25,"column":23},"end":{"line":25,"column":null}},"20":{"start":{"line":27,"column":40},"end":{"line":27,"column":null}},"21":{"start":{"line":28,"column":36},"end":{"line":28,"column":null}},"22":{"start":{"line":30,"column":25},"end":{"line":30,"column":null}},"23":{"start":{"line":30,"column":39},"end":{"line":30,"column":79}},"24":{"start":{"line":30,"column":58},"end":{"line":30,"column":79}},"25":{"start":{"line":32,"column":26},"end":{"line":34,"column":null}},"26":{"start":{"line":33,"column":4},"end":{"line":33,"column":null}},"27":{"start":{"line":33,"column":32},"end":{"line":33,"column":57}},"28":{"start":{"line":36,"column":29},"end":{"line":51,"column":null}},"29":{"start":{"line":37,"column":4},"end":{"line":37,"column":null}},"30":{"start":{"line":38,"column":4},"end":{"line":50,"column":null}},"31":{"start":{"line":39,"column":6},"end":{"line":43,"column":null}},"32":{"start":{"line":44,"column":6},"end":{"line":44,"column":null}},"33":{"start":{"line":45,"column":6},"end":{"line":45,"column":null}},"34":{"start":{"line":47,"column":6},"end":{"line":47,"column":null}},"35":{"start":{"line":49,"column":6},"end":{"line":49,"column":null}},"36":{"start":{"line":53,"column":29},"end":{"line":62,"column":null}},"37":{"start":{"line":54,"column":4},"end":{"line":54,"column":null}},"38":{"start":{"line":54,"column":78},"end":{"line":54,"column":null}},"39":{"start":{"line":56,"column":4},"end":{"line":61,"column":null}},"40":{"start":{"line":57,"column":6},"end":{"line":57,"column":null}},"41":{"start":{"line":58,"column":6},"end":{"line":58,"column":null}},"42":{"start":{"line":60,"column":6},"end":{"line":60,"column":null}},"43":{"start":{"line":64,"column":2},"end":{"line":70,"column":null}},"44":{"start":{"line":72,"column":2},"end":{"line":78,"column":null}},"45":{"start":{"line":89,"column":33},"end":{"line":89,"column":55}},"46":{"start":{"line":103,"column":14},"end":{"line":104,"column":null}},"47":{"start":{"line":107,"column":18},"end":{"line":107,"column":null}},"48":{"start":{"line":108,"column":18},"end":{"line":110,"column":null}},"49":{"start":{"line":109,"column":20},"end":{"line":109,"column":null}},"50":{"start":{"line":126,"column":23},"end":{"line":126,"column":null}}},"fnMap":{"0":{"name":"SprintsPage","decl":{"start":{"line":18,"column":24},"end":{"line":18,"column":null}},"loc":{"start":{"line":18,"column":24},"end":{"line":136,"column":null}}},"1":{"name":"(anonymous_6)","decl":{"start":{"line":30,"column":33},"end":{"line":30,"column":39}},"loc":{"start":{"line":30,"column":39},"end":{"line":30,"column":79}}},"2":{"name":"(anonymous_7)","decl":{"start":{"line":30,"column":53},"end":{"line":30,"column":58}},"loc":{"start":{"line":30,"column":58},"end":{"line":30,"column":79}}},"3":{"name":"(anonymous_8)","decl":{"start":{"line":32,"column":26},"end":{"line":32,"column":27}},"loc":{"start":{"line":32,"column":27},"end":{"line":34,"column":null}}},"4":{"name":"(anonymous_9)","decl":{"start":{"line":33,"column":27},"end":{"line":33,"column":32}},"loc":{"start":{"line":33,"column":32},"end":{"line":33,"column":57}}},"5":{"name":"(anonymous_10)","decl":{"start":{"line":36,"column":29},"end":{"line":36,"column":36}},"loc":{"start":{"line":36,"column":36},"end":{"line":51,"column":null}}},"6":{"name":"(anonymous_11)","decl":{"start":{"line":53,"column":29},"end":{"line":53,"column":36}},"loc":{"start":{"line":53,"column":36},"end":{"line":62,"column":null}}},"7":{"name":"(anonymous_12)","decl":{"start":{"line":89,"column":27},"end":{"line":89,"column":33}},"loc":{"start":{"line":89,"column":33},"end":{"line":89,"column":55}}},"8":{"name":"(anonymous_13)","decl":{"start":{"line":102,"column":25},"end":{"line":102,"column":null}},"loc":{"start":{"line":103,"column":14},"end":{"line":104,"column":null}}},"9":{"name":"(anonymous_14)","decl":{"start":{"line":106,"column":31},"end":{"line":106,"column":null}},"loc":{"start":{"line":106,"column":31},"end":{"line":111,"column":null}}},"10":{"name":"(anonymous_15)","decl":{"start":{"line":126,"column":17},"end":{"line":126,"column":23}},"loc":{"start":{"line":126,"column":23},"end":{"line":126,"column":null}}}},"branchMap":{"0":{"loc":{"start":{"line":23,"column":61},"end":{"line":23,"column":null}},"type":"binary-expr","locations":[{"start":{"line":23,"column":61},"end":{"line":23,"column":74}},{"start":{"line":23,"column":74},"end":{"line":23,"column":null}}]},"1":{"loc":{"start":{"line":54,"column":4},"end":{"line":54,"column":null}},"type":"if","locations":[{"start":{"line":54,"column":4},"end":{"line":54,"column":null}},{"start":{},"end":{}}]},"2":{"loc":{"start":{"line":64,"column":2},"end":{"line":70,"column":null}},"type":"if","locations":[{"start":{"line":64,"column":2},"end":{"line":70,"column":null}},{"start":{},"end":{}}]},"3":{"loc":{"start":{"line":64,"column":6},"end":{"line":64,"column":56}},"type":"binary-expr","locations":[{"start":{"line":64,"column":6},"end":{"line":64,"column":21}},{"start":{"line":64,"column":21},"end":{"line":64,"column":40}},{"start":{"line":64,"column":40},"end":{"line":64,"column":56}}]},"4":{"loc":{"start":{"line":72,"column":2},"end":{"line":78,"column":null}},"type":"if","locations":[{"start":{"line":72,"column":2},"end":{"line":78,"column":null}},{"start":{},"end":{}}]},"5":{"loc":{"start":{"line":93,"column":10},"end":{"line":101,"column":11}},"type":"cond-expr","locations":[{"start":{"line":93,"column":10},"end":{"line":101,"column":11}}]},"6":{"loc":{"start":{"line":108,"column":18},"end":{"line":110,"column":null}},"type":"if","locations":[{"start":{"line":108,"column":18},"end":{"line":110,"column":null}},{"start":{},"end":{}}]}},"s":{"0":0,"1":0,"2":0,"3":0,"4":0,"5":0,"6":0,"7":0,"8":0,"9":0,"10":0,"11":0,"12":0,"13":0,"14":0,"15":0,"16":0,"17":0,"18":0,"19":0,"20":0,"21":0,"22":0,"23":0,"24":0,"25":0,"26":0,"27":0,"28":0,"29":0,"30":0,"31":0,"32":0,"33":0,"34":0,"35":0,"36":0,"37":0,"38":0,"39":0,"40":0,"41":0,"42":0,"43":0,"44":0,"45":0,"46":0,"47":0,"48":0,"49":0,"50":0},"f":{"0":0,"1":0,"2":0,"3":0,"4":0,"5":0,"6":0,"7":0,"8":0,"9":0,"10":0},"b":{"0":[0,0],"1":[0,0],"2":[0,0],"3":[0,0,0],"4":[0,0],"5":[0],"6":[0,0]}}
,"C:\\Users\\Ramos\\Documents\\GitHub\\PlanningTask\\app\\(dashboard\\)\\projects\\[projectId\\]\\tasks\\layout.tsx": {"path":"C:\\Users\\Ramos\\Documents\\GitHub\\PlanningTask\\app\\(dashboard\\)\\projects\\[projectId\\]\\tasks\\layout.tsx","statementMap":{"0":{"start":{"line":3,"column":24},"end":{"line":3,"column":36}},"1":{"start":{"line":1,"column":13},"end":{"line":1,"column":20}},"2":{"start":{"line":1,"column":23},"end":{"line":1,"column":null}},"3":{"start":{"line":8,"column":2},"end":{"line":8,"column":null}}},"fnMap":{"0":{"name":"TasksLayout","decl":{"start":{"line":3,"column":24},"end":{"line":3,"column":36}},"loc":{"start":{"line":7,"column":1},"end":{"line":9,"column":1}}}},"branchMap":{},"s":{"0":0,"1":0,"2":0,"3":0},"f":{"0":0},"b":{}}
,"C:\\Users\\Ramos\\Documents\\GitHub\\PlanningTask\\app\\(dashboard\\)\\projects\\[projectId\\]\\tasks\\page.tsx": {"path":"C:\\Users\\Ramos\\Documents\\GitHub\\PlanningTask\\app\\(dashboard\\)\\projects\\[projectId\\]\\tasks\\page.tsx","statementMap":{"0":{"start":{"line":21,"column":24},"end":{"line":21,"column":null}},"1":{"start":{"line":3,"column":34},"end":{"line":3,"column":null}},"2":{"start":{"line":4,"column":43},"end":{"line":4,"column":null}},"3":{"start":{"line":5,"column":24},"end":{"line":5,"column":null}},"4":{"start":{"line":6,"column":25},"end":{"line":6,"column":null}},"5":{"start":{"line":7,"column":27},"end":{"line":7,"column":null}},"6":{"start":{"line":8,"column":27},"end":{"line":8,"column":null}},"7":{"start":{"line":9,"column":28},"end":{"line":9,"column":null}},"8":{"start":{"line":11,"column":19},"end":{"line":11,"column":null}},"9":{"start":{"line":12,"column":22},"end":{"line":12,"column":null}},"10":{"start":{"line":13,"column":23},"end":{"line":13,"column":null}},"11":{"start":{"line":14,"column":22},"end":{"line":14,"column":null}},"12":{"start":{"line":15,"column":24},"end":{"line":15,"column":null}},"13":{"start":{"line":16,"column":23},"end":{"line":16,"column":null}},"14":{"start":{"line":17,"column":20},"end":{"line":17,"column":null}},"15":{"start":{"line":19,"column":31},"end":{"line":19,"column":null}},"16":{"start":{"line":22,"column":17},"end":{"line":22,"column":null}},"17":{"start":{"line":23,"column":23},"end":{"line":23,"column":null}},"18":{"start":{"line":24,"column":20},"end":{"line":24,"column":36}},"19":{"start":{"line":25,"column":26},"end":{"line":25,"column":null}},"20":{"start":{"line":27,"column":41},"end":{"line":27,"column":null}},"21":{"start":{"line":28,"column":49},"end":{"line":28,"column":null}},"22":{"start":{"line":29,"column":47},"end":{"line":29,"column":null}},"23":{"start":{"line":30,"column":79},"end":{"line":32,"column":null}},"24":{"start":{"line":35,"column":79},"end":{"line":35,"column":null}},"25":{"start":{"line":37,"column":26},"end":{"line":37,"column":null}},"26":{"start":{"line":38,"column":40},"end":{"line":38,"column":null}},"27":{"start":{"line":39,"column":42},"end":{"line":39,"column":null}},"28":{"start":{"line":40,"column":36},"end":{"line":40,"column":null}},"29":{"start":{"line":42,"column":25},"end":{"line":42,"column":null}},"30":{"start":{"line":42,"column":39},"end":{"line":42,"column":79}},"31":{"start":{"line":42,"column":58},"end":{"line":42,"column":79}},"32":{"start":{"line":44,"column":21},"end":{"line":49,"column":null}},"33":{"start":{"line":46,"column":21},"end":{"line":46,"column":null}},"34":{"start":{"line":46,"column":44},"end":{"line":46,"column":55}},"35":{"start":{"line":47,"column":6},"end":{"line":47,"column":null}},"36":{"start":{"line":47,"column":43},"end":{"line":47,"column":null}},"37":{"start":{"line":52,"column":24},"end":{"line":70,"column":null}},"38":{"start":{"line":53,"column":17},"end":{"line":53,"column":null}},"39":{"start":{"line":55,"column":4},"end":{"line":57,"column":null}},"40":{"start":{"line":56,"column":6},"end":{"line":56,"column":null}},"41":{"start":{"line":56,"column":34},"end":{"line":56,"column":null}},"42":{"start":{"line":59,"column":4},"end":{"line":61,"column":null}},"43":{"start":{"line":60,"column":6},"end":{"line":60,"column":null}},"44":{"start":{"line":60,"column":34},"end":{"line":60,"column":null}},"45":{"start":{"line":63,"column":4},"end":{"line":67,"column":null}},"46":{"start":{"line":64,"column":6},"end":{"line":65,"column":null}},"47":{"start":{"line":65,"column":8},"end":{"line":65,"column":null}},"48":{"start":{"line":69,"column":4},"end":{"line":69,"column":null}},"49":{"start":{"line":69,"column":33},"end":{"line":69,"column":56}},"50":{"start":{"line":72,"column":27},"end":{"line":94,"column":null}},"51":{"start":{"line":73,"column":4},"end":{"line":76,"column":null}},"52":{"start":{"line":74,"column":6},"end":{"line":74,"column":null}},"53":{"start":{"line":75,"column":6},"end":{"line":75,"column":null}},"54":{"start":{"line":78,"column":4},"end":{"line":78,"column":null}},"55":{"start":{"line":79,"column":4},"end":{"line":93,"column":null}},"56":{"start":{"line":80,"column":6},"end":{"line":85,"column":null}},"57":{"start":{"line":86,"column":6},"end":{"line":86,"column":null}},"58":{"start":{"line":87,"column":6},"end":{"line":87,"column":null}},"59":{"start":{"line":88,"column":6},"end":{"line":88,"column":null}},"60":{"start":{"line":90,"column":6},"end":{"line":90,"column":null}},"61":{"start":{"line":92,"column":6},"end":{"line":92,"column":null}},"62":{"start":{"line":96,"column":27},"end":{"line":110,"column":null}},"63":{"start":{"line":97,"column":4},"end":{"line":97,"column":null}},"64":{"start":{"line":97,"column":23},"end":{"line":97,"column":null}},"65":{"start":{"line":99,"column":4},"end":{"line":99,"column":null}},"66":{"start":{"line":100,"column":4},"end":{"line":109,"column":null}},"67":{"start":{"line":101,"column":6},"end":{"line":101,"column":null}},"68":{"start":{"line":102,"column":6},"end":{"line":102,"column":null}},"69":{"start":{"line":103,"column":6},"end":{"line":103,"column":null}},"70":{"start":{"line":104,"column":6},"end":{"line":104,"column":null}},"71":{"start":{"line":106,"column":6},"end":{"line":106,"column":null}},"72":{"start":{"line":108,"column":6},"end":{"line":108,"column":null}},"73":{"start":{"line":112,"column":27},"end":{"line":122,"column":null}},"74":{"start":{"line":113,"column":4},"end":{"line":113,"column":null}},"75":{"start":{"line":114,"column":4},"end":{"line":121,"column":null}},"76":{"start":{"line":115,"column":6},"end":{"line":115,"column":null}},"77":{"start":{"line":116,"column":6},"end":{"line":116,"column":null}},"78":{"start":{"line":118,"column":6},"end":{"line":118,"column":null}},"79":{"start":{"line":120,"column":6},"end":{"line":120,"column":null}},"80":{"start":{"line":124,"column":2},"end":{"line":130,"column":null}},"81":{"start":{"line":132,"column":2},"end":{"line":138,"column":null}},"82":{"start":{"line":152,"column":14},"end":{"line":152,"column":null}},"83":{"start":{"line":153,"column":14},"end":{"line":153,"column":null}},"84":{"start":{"line":164,"column":41},"end":{"line":164,"column":null}},"85":{"start":{"line":166,"column":16},"end":{"line":166,"column":null}},"86":{"start":{"line":167,"column":16},"end":{"line":167,"column":null}},"87":{"start":{"line":168,"column":16},"end":{"line":168,"column":null}},"88":{"start":{"line":178,"column":18},"end":{"line":178,"column":null}},"89":{"start":{"line":179,"column":18},"end":{"line":179,"column":null}},"90":{"start":{"line":187,"column":18},"end":{"line":187,"column":null}},"91":{"start":{"line":188,"column":18},"end":{"line":188,"column":null}},"92":{"start":{"line":192,"column":18},"end":{"line":192,"column":null}},"93":{"start":{"line":193,"column":18},"end":{"line":193,"column":null}},"94":{"start":{"line":204,"column":10},"end":{"line":204,"column":null}},"95":{"start":{"line":205,"column":10},"end":{"line":205,"column":null}}},"fnMap":{"0":{"name":"TasksPage","decl":{"start":{"line":21,"column":24},"end":{"line":21,"column":null}},"loc":{"start":{"line":21,"column":24},"end":{"line":214,"column":null}}},"1":{"name":"(anonymous_6)","decl":{"start":{"line":42,"column":33},"end":{"line":42,"column":39}},"loc":{"start":{"line":42,"column":39},"end":{"line":42,"column":79}}},"2":{"name":"(anonymous_7)","decl":{"start":{"line":42,"column":53},"end":{"line":42,"column":58}},"loc":{"start":{"line":42,"column":58},"end":{"line":42,"column":79}}},"3":{"name":"(anonymous_8)","decl":{"start":{"line":45,"column":4},"end":{"line":45,"column":null}},"loc":{"start":{"line":45,"column":4},"end":{"line":48,"column":null}}},"4":{"name":"(anonymous_9)","decl":{"start":{"line":46,"column":39},"end":{"line":46,"column":44}},"loc":{"start":{"line":46,"column":44},"end":{"line":46,"column":55}}},"5":{"name":"(anonymous_10)","decl":{"start":{"line":47,"column":36},"end":{"line":47,"column":43}},"loc":{"start":{"line":47,"column":43},"end":{"line":47,"column":null}}},"6":{"name":"(anonymous_11)","decl":{"start":{"line":52,"column":32},"end":{"line":52,"column":null}},"loc":{"start":{"line":52,"column":32},"end":{"line":70,"column":5}}},"7":{"name":"(anonymous_12)","decl":{"start":{"line":56,"column":29},"end":{"line":56,"column":34}},"loc":{"start":{"line":56,"column":34},"end":{"line":56,"column":null}}},"8":{"name":"(anonymous_13)","decl":{"start":{"line":60,"column":29},"end":{"line":60,"column":34}},"loc":{"start":{"line":60,"column":34},"end":{"line":60,"column":null}}},"9":{"name":"(anonymous_14)","decl":{"start":{"line":64,"column":29},"end":{"line":64,"column":null}},"loc":{"start":{"line":65,"column":8},"end":{"line":65,"column":null}}},"10":{"name":"(anonymous_15)","decl":{"start":{"line":69,"column":23},"end":{"line":69,"column":24}},"loc":{"start":{"line":69,"column":33},"end":{"line":69,"column":56}}},"11":{"name":"(anonymous_16)","decl":{"start":{"line":72,"column":27},"end":{"line":72,"column":34}},"loc":{"start":{"line":72,"column":34},"end":{"line":94,"column":null}}},"12":{"name":"(anonymous_17)","decl":{"start":{"line":96,"column":27},"end":{"line":96,"column":34}},"loc":{"start":{"line":96,"column":34},"end":{"line":110,"column":null}}},"13":{"name":"(anonymous_18)","decl":{"start":{"line":112,"column":27},"end":{"line":112,"column":34}},"loc":{"start":{"line":112,"column":34},"end":{"line":122,"column":null}}},"14":{"name":"(anonymous_19)","decl":{"start":{"line":151,"column":29},"end":{"line":151,"column":null}},"loc":{"start":{"line":151,"column":29},"end":{"line":154,"column":15}}},"15":{"name":"(anonymous_20)","decl":{"start":{"line":164,"column":35},"end":{"line":164,"column":41}},"loc":{"start":{"line":164,"column":41},"end":{"line":164,"column":null}}},"16":{"name":"(anonymous_21)","decl":{"start":{"line":165,"column":31},"end":{"line":165,"column":32}},"loc":{"start":{"line":165,"column":32},"end":{"line":169,"column":null}}},"17":{"name":"(anonymous_22)","decl":{"start":{"line":177,"column":24},"end":{"line":177,"column":25}},"loc":{"start":{"line":177,"column":25},"end":{"line":180,"column":null}}},"18":{"name":"(anonymous_23)","decl":{"start":{"line":186,"column":24},"end":{"line":186,"column":25}},"loc":{"start":{"line":186,"column":25},"end":{"line":189,"column":null}}},"19":{"name":"(anonymous_24)","decl":{"start":{"line":191,"column":27},"end":{"line":191,"column":null}},"loc":{"start":{"line":191,"column":27},"end":{"line":194,"column":null}}},"20":{"name":"(anonymous_25)","decl":{"start":{"line":203,"column":17},"end":{"line":203,"column":null}},"loc":{"start":{"line":203,"column":17},"end":{"line":206,"column":null}}}},"branchMap":{"0":{"loc":{"start":{"line":28,"column":61},"end":{"line":28,"column":null}},"type":"binary-expr","locations":[{"start":{"line":28,"column":61},"end":{"line":28,"column":74}},{"start":{"line":28,"column":74},"end":{"line":28,"column":null}}]},"1":{"loc":{"start":{"line":32,"column":4},"end":{"line":32,"column":null}},"type":"binary-expr","locations":[{"start":{"line":32,"column":4},"end":{"line":32,"column":23}},{"start":{"line":32,"column":23},"end":{"line":32,"column":null}}]},"2":{"loc":{"start":{"line":55,"column":4},"end":{"line":57,"column":null}},"type":"if","locations":[{"start":{"line":55,"column":4},"end":{"line":57,"column":null}},{"start":{},"end":{}}]},"3":{"loc":{"start":{"line":59,"column":4},"end":{"line":61,"column":null}},"type":"if","locations":[{"start":{"line":59,"column":4},"end":{"line":61,"column":null}},{"start":{},"end":{}}]},"4":{"loc":{"start":{"line":63,"column":4},"end":{"line":67,"column":null}},"type":"if","locations":[{"start":{"line":63,"column":4},"end":{"line":67,"column":null}},{"start":{},"end":{}}]},"5":{"loc":{"start":{"line":73,"column":4},"end":{"line":76,"column":null}},"type":"if","locations":[{"start":{"line":73,"column":4},"end":{"line":76,"column":null}},{"start":{},"end":{}}]},"6":{"loc":{"start":{"line":73,"column":8},"end":{"line":73,"column":42}},"type":"binary-expr","locations":[{"start":{"line":73,"column":8},"end":{"line":73,"column":27}},{"start":{"line":73,"column":27},"end":{"line":73,"column":42}}]},"7":{"loc":{"start":{"line":83,"column":18},"end":{"line":83,"column":50}},"type":"binary-expr","locations":[{"start":{"line":83,"column":18},"end":{"line":83,"column":37}},{"start":{"line":83,"column":37},"end":{"line":83,"column":50}}]},"8":{"loc":{"start":{"line":97,"column":4},"end":{"line":97,"column":null}},"type":"if","locations":[{"start":{"line":97,"column":4},"end":{"line":97,"column":null}},{"start":{},"end":{}}]},"9":{"loc":{"start":{"line":124,"column":2},"end":{"line":130,"column":null}},"type":"if","locations":[{"start":{"line":124,"column":2},"end":{"line":130,"column":null}},{"start":{},"end":{}}]},"10":{"loc":{"start":{"line":124,"column":6},"end":{"line":124,"column":54}},"type":"binary-expr","locations":[{"start":{"line":124,"column":6},"end":{"line":124,"column":21}},{"start":{"line":124,"column":21},"end":{"line":124,"column":40}},{"start":{"line":124,"column":40},"end":{"line":124,"column":54}}]},"11":{"loc":{"start":{"line":132,"column":2},"end":{"line":138,"column":null}},"type":"if","locations":[{"start":{"line":132,"column":2},"end":{"line":138,"column":null}},{"start":{},"end":{}}]},"12":{"loc":{"start":{"line":166,"column":30},"end":{"line":166,"column":57}},"type":"binary-expr","locations":[{"start":{"line":166,"column":30},"end":{"line":166,"column":51}},{"start":{"line":166,"column":55},"end":{"line":166,"column":57}}]},"13":{"loc":{"start":{"line":167,"column":28},"end":{"line":167,"column":53}},"type":"binary-expr","locations":[{"start":{"line":167,"column":28},"end":{"line":167,"column":47}},{"start":{"line":167,"column":51},"end":{"line":167,"column":53}}]},"14":{"loc":{"start":{"line":168,"column":30},"end":{"line":168,"column":null}},"type":"binary-expr","locations":[{"start":{"line":168,"column":30},"end":{"line":168,"column":51}},{"start":{"line":168,"column":55},"end":{"line":168,"column":null}}]},"15":{"loc":{"start":{"line":175,"column":14},"end":{"line":184,"column":15}},"type":"cond-expr","locations":[{"start":{"line":175,"column":14},"end":{"line":184,"column":15}}]},"16":{"loc":{"start":{"line":207,"column":14},"end":{"line":207,"column":null}},"type":"binary-expr","locations":[{"start":{"line":207,"column":14},"end":{"line":207,"column":30}},{"start":{"line":207,"column":30},"end":{"line":207,"column":null}}]},"17":{"loc":{"start":{"line":210,"column":18},"end":{"line":210,"column":null}},"type":"cond-expr","locations":[{"start":{"line":210,"column":33},"end":{"line":210,"column":52}},{"start":{"line":210,"column":52},"end":{"line":210,"column":null}}]}},"s":{"0":0,"1":0,"2":0,"3":0,"4":0,"5":0,"6":0,"7":0,"8":0,"9":0,"10":0,"11":0,"12":0,"13":0,"14":0,"15":0,"16":0,"17":0,"18":0,"19":0,"20":0,"21":0,"22":0,"23":0,"24":0,"25":0,"26":0,"27":0,"28":0,"29":0,"30":0,"31":0,"32":0,"33":0,"34":0,"35":0,"36":0,"37":0,"38":0,"39":0,"40":0,"41":0,"42":0,"43":0,"44":0,"45":0,"46":0,"47":0,"48":0,"49":0,"50":0,"51":0,"52":0,"53":0,"54":0,"55":0,"56":0,"57":0,"58":0,"59":0,"60":0,"61":0,"62":0,"63":0,"64":0,"65":0,"66":0,"67":0,"68":0,"69":0,"70":0,"71":0,"72":0,"73":0,"74":0,"75":0,"76":0,"77":0,"78":0,"79":0,"80":0,"81":0,"82":0,"83":0,"84":0,"85":0,"86":0,"87":0,"88":0,"89":0,"90":0,"91":0,"92":0,"93":0,"94":0,"95":0},"f":{"0":0,"1":0,"2":0,"3":0,"4":0,"5":0,"6":0,"7":0,"8":0,"9":0,"10":0,"11":0,"12":0,"13":0,"14":0,"15":0,"16":0,"17":0,"18":0,"19":0,"20":0},"b":{"0":[0,0],"1":[0,0],"2":[0,0],"3":[0,0],"4":[0,0],"5":[0,0],"6":[0,0],"7":[0,0],"8":[0,0],"9":[0,0],"10":[0,0,0],"11":[0,0],"12":[0,0],"13":[0,0],"14":[0,0],"15":[0],"16":[0,0],"17":[0,0]}}
,"C:\\Users\\Ramos\\Documents\\GitHub\\PlanningTask\\app\\login\\page.tsx": {"path":"C:\\Users\\Ramos\\Documents\\GitHub\\PlanningTask\\app\\login\\page.tsx","statementMap":{"0":{"start":{"line":3,"column":24},"end":{"line":3,"column":null}},"1":{"start":{"line":1,"column":22},"end":{"line":1,"column":null}},"2":{"start":{"line":4,"column":2},"end":{"line":4,"column":null}}},"fnMap":{"0":{"name":"LoginPage","decl":{"start":{"line":3,"column":24},"end":{"line":3,"column":null}},"loc":{"start":{"line":3,"column":24},"end":{"line":5,"column":null}}}},"branchMap":{},"s":{"0":0,"1":0,"2":0},"f":{"0":0},"b":{}}
,"C:\\Users\\Ramos\\Documents\\GitHub\\PlanningTask\\components\\auth\\LoginForm.tsx": {"path":"C:\\Users\\Ramos\\Documents\\GitHub\\PlanningTask\\components\\auth\\LoginForm.tsx","statementMap":{"0":{"start":{"line":10,"column":24},"end":{"line":10,"column":null}},"1":{"start":{"line":3,"column":25},"end":{"line":3,"column":null}},"2":{"start":{"line":4,"column":26},"end":{"line":4,"column":null}},"3":{"start":{"line":5,"column":24},"end":{"line":5,"column":null}},"4":{"start":{"line":6,"column":19},"end":{"line":6,"column":null}},"5":{"start":{"line":7,"column":18},"end":{"line":7,"column":null}},"6":{"start":{"line":8,"column":57},"end":{"line":8,"column":null}},"7":{"start":{"line":11,"column":17},"end":{"line":11,"column":null}},"8":{"start":{"line":12,"column":58},"end":{"line":12,"column":null}},"9":{"start":{"line":13,"column":32},"end":{"line":13,"column":null}},"10":{"start":{"line":14,"column":28},"end":{"line":14,"column":null}},"11":{"start":{"line":15,"column":34},"end":{"line":15,"column":null}},"12":{"start":{"line":16,"column":40},"end":{"line":16,"column":null}},"13":{"start":{"line":17,"column":36},"end":{"line":17,"column":null}},"14":{"start":{"line":19,"column":23},"end":{"line":38,"column":null}},"15":{"start":{"line":20,"column":4},"end":{"line":20,"column":null}},"16":{"start":{"line":21,"column":4},"end":{"line":21,"column":null}},"17":{"start":{"line":22,"column":4},"end":{"line":22,"column":null}},"18":{"start":{"line":24,"column":4},"end":{"line":37,"column":null}},"19":{"start":{"line":25,"column":6},"end":{"line":33,"column":null}},"20":{"start":{"line":26,"column":8},"end":{"line":26,"column":null}},"21":{"start":{"line":28,"column":8},"end":{"line":31,"column":null}},"22":{"start":{"line":29,"column":10},"end":{"line":29,"column":null}},"23":{"start":{"line":30,"column":10},"end":{"line":30,"column":null}},"24":{"start":{"line":32,"column":8},"end":{"line":32,"column":null}},"25":{"start":{"line":34,"column":6},"end":{"line":34,"column":null}},"26":{"start":{"line":36,"column":6},"end":{"line":36,"column":null}},"27":{"start":{"line":63,"column":31},"end":{"line":63,"column":null}},"28":{"start":{"line":73,"column":29},"end":{"line":73,"column":null}},"29":{"start":{"line":83,"column":29},"end":{"line":83,"column":null}},"30":{"start":{"line":96,"column":16},"end":{"line":96,"column":null}},"31":{"start":{"line":97,"column":16},"end":{"line":97,"column":null}},"32":{"start":{"line":98,"column":16},"end":{"line":98,"column":null}},"33":{"start":{"line":99,"column":16},"end":{"line":99,"column":null}},"34":{"start":{"line":100,"column":16},"end":{"line":100,"column":null}},"35":{"start":{"line":101,"column":16},"end":{"line":101,"column":null}}},"fnMap":{"0":{"name":"LoginForm","decl":{"start":{"line":10,"column":24},"end":{"line":10,"column":null}},"loc":{"start":{"line":10,"column":24},"end":{"line":116,"column":null}}},"1":{"name":"(anonymous_3)","decl":{"start":{"line":19,"column":23},"end":{"line":19,"column":30}},"loc":{"start":{"line":19,"column":30},"end":{"line":38,"column":null}}},"2":{"name":"(anonymous_4)","decl":{"start":{"line":63,"column":26},"end":{"line":63,"column":31}},"loc":{"start":{"line":63,"column":31},"end":{"line":63,"column":null}}},"3":{"name":"(anonymous_5)","decl":{"start":{"line":73,"column":24},"end":{"line":73,"column":29}},"loc":{"start":{"line":73,"column":29},"end":{"line":73,"column":null}}},"4":{"name":"(anonymous_6)","decl":{"start":{"line":83,"column":24},"end":{"line":83,"column":29}},"loc":{"start":{"line":83,"column":29},"end":{"line":83,"column":null}}},"5":{"name":"(anonymous_7)","decl":{"start":{"line":95,"column":23},"end":{"line":95,"column":null}},"loc":{"start":{"line":95,"column":23},"end":{"line":102,"column":null}}}},"branchMap":{"0":{"loc":{"start":{"line":25,"column":6},"end":{"line":33,"column":null}},"type":"if","locations":[{"start":{"line":25,"column":6},"end":{"line":33,"column":null}},{"start":{"line":27,"column":13},"end":{"line":33,"column":null}}]},"1":{"loc":{"start":{"line":28,"column":8},"end":{"line":31,"column":null}},"type":"if","locations":[{"start":{"line":28,"column":8},"end":{"line":31,"column":null}},{"start":{},"end":{}}]},"2":{"loc":{"start":{"line":36,"column":19},"end":{"line":36,"column":null}},"type":"binary-expr","locations":[{"start":{"line":36,"column":19},"end":{"line":36,"column":28}},{"start":{"line":36,"column":28},"end":{"line":36,"column":null}}]},"3":{"loc":{"start":{"line":47,"column":58},"end":{"line":47,"column":null}},"type":"cond-expr","locations":[{"start":{"line":47,"column":68},"end":{"line":47,"column":86}},{"start":{"line":47,"column":86},"end":{"line":47,"column":null}}]},"4":{"loc":{"start":{"line":52,"column":14},"end":{"line":52,"column":27}},"type":"binary-expr","locations":[{"start":{"line":52,"column":14},"end":{"line":52,"column":27}},{"start":{"line":52,"column":27},"end":{"line":52,"column":31}}]},"5":{"loc":{"start":{"line":54,"column":17},"end":{"line":54,"column":null}},"type":"binary-expr","locations":[{"start":{"line":54,"column":17},"end":{"line":54,"column":30}},{"start":{"line":54,"column":30},"end":{"line":54,"column":null}}]},"6":{"loc":{"start":{"line":58,"column":13},"end":{"line":58,"column":null}},"type":"binary-expr","locations":[{"start":{"line":58,"column":13},"end":{"line":58,"column":null}}]},"7":{"loc":{"start":{"line":90,"column":15},"end":{"line":90,"column":null}},"type":"cond-expr","locations":[{"start":{"line":90,"column":25},"end":{"line":90,"column":43}},{"start":{"line":90,"column":43},"end":{"line":90,"column":null}}]},"8":{"loc":{"start":{"line":105,"column":15},"end":{"line":105,"column":null}},"type":"cond-expr","locations":[{"start":{"line":105,"column":25},"end":{"line":105,"column":59}},{"start":{"line":105,"column":59},"end":{"line":105,"column":null}}]}},"s":{"0":0,"1":0,"2":0,"3":0,"4":0,"5":0,"6":0,"7":0,"8":0,"9":0,"10":0,"11":0,"12":0,"13":0,"14":0,"15":0,"16":0,"17":0,"18":0,"19":0,"20":0,"21":0,"22":0,"23":0,"24":0,"25":0,"26":0,"27":0,"28":0,"29":0,"30":0,"31":0,"32":0,"33":0,"34":0,"35":0},"f":{"0":0,"1":0,"2":0,"3":0,"4":0,"5":0},"b":{"0":[0,0],"1":[0,0],"2":[0,0],"3":[0,0],"4":[0,0],"5":[0,0],"6":[0],"7":[0,0],"8":[0,0]}}
,"C:\\Users\\Ramos\\Documents\\GitHub\\PlanningTask\\components\\layout\\Navbar.tsx": {"path":"C:\\Users\\Ramos\\Documents\\GitHub\\PlanningTask\\components\\layout\\Navbar.tsx","statementMap":{"0":{"start":{"line":10,"column":24},"end":{"line":10,"column":31}},"1":{"start":{"line":3,"column":24},"end":{"line":3,"column":null}},"2":{"start":{"line":4,"column":21},"end":{"line":4,"column":null}},"3":{"start":{"line":11,"column":19},"end":{"line":11,"column":null}}},"fnMap":{"0":{"name":"Navbar","decl":{"start":{"line":10,"column":24},"end":{"line":10,"column":31}},"loc":{"start":{"line":10,"column":67},"end":{"line":24,"column":null}}}},"branchMap":{"0":{"loc":{"start":{"line":10,"column":33},"end":{"line":10,"column":52}},"type":"default-arg","locations":[{"start":{"line":10,"column":41},"end":{"line":10,"column":52}}]},"1":{"loc":{"start":{"line":19,"column":66},"end":{"line":19,"column":null}},"type":"binary-expr","locations":[{"start":{"line":19,"column":66},"end":{"line":19,"column":87}},{"start":{"line":19,"column":87},"end":{"line":19,"column":null}}]}},"s":{"0":0,"1":0,"2":0,"3":0},"f":{"0":0},"b":{"0":[0],"1":[0,0]}}
,"C:\\Users\\Ramos\\Documents\\GitHub\\PlanningTask\\components\\layout\\Sidebar.tsx": {"path":"C:\\Users\\Ramos\\Documents\\GitHub\\PlanningTask\\components\\layout\\Sidebar.tsx","statementMap":{"0":{"start":{"line":9,"column":24},"end":{"line":9,"column":null}},"1":{"start":{"line":3,"column":28},"end":{"line":3,"column":null}},"2":{"start":{"line":4,"column":17},"end":{"line":4,"column":null}},"3":{"start":{"line":5,"column":52},"end":{"line":5,"column":null}},"4":{"start":{"line":6,"column":24},"end":{"line":6,"column":null}},"5":{"start":{"line":7,"column":25},"end":{"line":7,"column":null}},"6":{"start":{"line":10,"column":19},"end":{"line":10,"column":null}},"7":{"start":{"line":11,"column":21},"end":{"line":11,"column":null}},"8":{"start":{"line":12,"column":40},"end":{"line":12,"column":null}},"9":{"start":{"line":14,"column":19},"end":{"line":16,"column":null}},"10":{"start":{"line":15,"column":4},"end":{"line":15,"column":null}},"11":{"start":{"line":18,"column":23},"end":{"line":20,"column":null}},"12":{"start":{"line":19,"column":4},"end":{"line":19,"column":null}},"13":{"start":{"line":22,"column":20},"end":{"line":33,"column":null}},"14":{"start":{"line":48,"column":25},"end":{"line":48,"column":34}},"15":{"start":{"line":49,"column":12},"end":{"line":50,"column":null}}},"fnMap":{"0":{"name":"Sidebar","decl":{"start":{"line":9,"column":24},"end":{"line":9,"column":null}},"loc":{"start":{"line":9,"column":24},"end":{"line":80,"column":null}}},"1":{"name":"(anonymous_3)","decl":{"start":{"line":14,"column":19},"end":{"line":14,"column":20}},"loc":{"start":{"line":14,"column":20},"end":{"line":16,"column":null}}},"2":{"name":"(anonymous_4)","decl":{"start":{"line":18,"column":23},"end":{"line":18,"column":null}},"loc":{"start":{"line":18,"column":23},"end":{"line":20,"column":null}}},"3":{"name":"(anonymous_5)","decl":{"start":{"line":47,"column":25},"end":{"line":47,"column":null}},"loc":{"start":{"line":47,"column":25},"end":{"line":64,"column":null}}}},"branchMap":{"0":{"loc":{"start":{"line":37,"column":20},"end":{"line":37,"column":50}},"type":"cond-expr","locations":[{"start":{"line":37,"column":34},"end":{"line":37,"column":43}},{"start":{"line":37,"column":43},"end":{"line":37,"column":50}}]},"1":{"loc":{"start":{"line":41,"column":9},"end":{"line":41,"column":25}},"type":"binary-expr","locations":[{"start":{"line":41,"column":9},"end":{"line":41,"column":25}}]},"2":{"loc":{"start":{"line":54,"column":20},"end":{"line":56,"column":null}},"type":"cond-expr","locations":[{"start":{"line":55,"column":24},"end":{"line":55,"column":null}},{"start":{"line":56,"column":24},"end":{"line":56,"column":null}}]},"3":{"loc":{"start":{"line":60,"column":19},"end":{"line":60,"column":35}},"type":"binary-expr","locations":[{"start":{"line":60,"column":19},"end":{"line":60,"column":35}}]},"4":{"loc":{"start":{"line":75,"column":11},"end":{"line":75,"column":27}},"type":"binary-expr","locations":[{"start":{"line":75,"column":11},"end":{"line":75,"column":27}}]}},"s":{"0":0,"1":0,"2":0,"3":0,"4":0,"5":0,"6":0,"7":0,"8":0,"9":0,"10":0,"11":0,"12":0,"13":0,"14":0,"15":0},"f":{"0":0,"1":0,"2":0,"3":0},"b":{"0":[0,0],"1":[0],"2":[0,0],"3":[0],"4":[0]}}
,"C:\\Users\\Ramos\\Documents\\GitHub\\PlanningTask\\components\\projects\\ProjectCard.tsx": {"path":"C:\\Users\\Ramos\\Documents\\GitHub\\PlanningTask\\components\\projects\\ProjectCard.tsx","statementMap":{"0":{"start":{"line":15,"column":24},"end":{"line":15,"column":36}},"1":{"start":{"line":4,"column":57},"end":{"line":4,"column":null}},"2":{"start":{"line":5,"column":39},"end":{"line":5,"column":null}},"3":{"start":{"line":6,"column":27},"end":{"line":6,"column":null}},"4":{"start":{"line":7,"column":17},"end":{"line":7,"column":null}}},"fnMap":{"0":{"name":"ProjectCard","decl":{"start":{"line":15,"column":24},"end":{"line":15,"column":36}},"loc":{"start":{"line":15,"column":83},"end":{"line":55,"column":null}}}},"branchMap":{"0":{"loc":{"start":{"line":37,"column":14},"end":{"line":40,"column":null}},"type":"cond-expr","locations":[{"start":{"line":37,"column":44},"end":{"line":37,"column":null}},{"start":{"line":38,"column":14},"end":{"line":40,"column":null}}]},"1":{"loc":{"start":{"line":38,"column":14},"end":{"line":40,"column":null}},"type":"cond-expr","locations":[{"start":{"line":38,"column":45},"end":{"line":38,"column":null}},{"start":{"line":39,"column":14},"end":{"line":40,"column":null}}]},"2":{"loc":{"start":{"line":39,"column":14},"end":{"line":40,"column":null}},"type":"cond-expr","locations":[{"start":{"line":39,"column":47},"end":{"line":39,"column":null}},{"start":{"line":40,"column":14},"end":{"line":40,"column":null}}]},"3":{"loc":{"start":{"line":42,"column":15},"end":{"line":44,"column":null}},"type":"cond-expr","locations":[{"start":{"line":42,"column":45},"end":{"line":42,"column":null}},{"start":{"line":43,"column":15},"end":{"line":44,"column":null}}]},"4":{"loc":{"start":{"line":43,"column":15},"end":{"line":44,"column":null}},"type":"cond-expr","locations":[{"start":{"line":43,"column":46},"end":{"line":43,"column":null}},{"start":{"line":44,"column":15},"end":{"line":44,"column":null}}]},"5":{"loc":{"start":{"line":44,"column":15},"end":{"line":44,"column":null}},"type":"cond-expr","locations":[{"start":{"line":44,"column":48},"end":{"line":44,"column":63}},{"start":{"line":44,"column":63},"end":{"line":44,"column":null}}]}},"s":{"0":0,"1":0,"2":0,"3":0,"4":0},"f":{"0":0},"b":{"0":[0,0],"1":[0,0],"2":[0,0],"3":[0,0],"4":[0,0],"5":[0,0]}}
,"C:\\Users\\Ramos\\Documents\\GitHub\\PlanningTask\\components\\projects\\ProjectForm.tsx": {"path":"C:\\Users\\Ramos\\Documents\\GitHub\\PlanningTask\\components\\projects\\ProjectForm.tsx","statementMap":{"0":{"start":{"line":18,"column":24},"end":{"line":18,"column":36}},"1":{"start":{"line":4,"column":24},"end":{"line":4,"column":null}},"2":{"start":{"line":5,"column":28},"end":{"line":5,"column":null}},"3":{"start":{"line":6,"column":52},"end":{"line":6,"column":null}},"4":{"start":{"line":7,"column":19},"end":{"line":7,"column":null}},"5":{"start":{"line":8,"column":18},"end":{"line":8,"column":null}},"6":{"start":{"line":9,"column":19},"end":{"line":9,"column":null}},"7":{"start":{"line":24,"column":6},"end":{"line":33,"column":null}},"8":{"start":{"line":35,"column":23},"end":{"line":38,"column":null}},"9":{"start":{"line":36,"column":4},"end":{"line":36,"column":null}},"10":{"start":{"line":37,"column":4},"end":{"line":37,"column":null}}},"fnMap":{"0":{"name":"ProjectForm","decl":{"start":{"line":18,"column":24},"end":{"line":18,"column":36}},"loc":{"start":{"line":18,"column":94},"end":{"line":94,"column":null}}},"1":{"name":"(anonymous_3)","decl":{"start":{"line":35,"column":23},"end":{"line":35,"column":30}},"loc":{"start":{"line":35,"column":30},"end":{"line":38,"column":null}}}},"branchMap":{"0":{"loc":{"start":{"line":18,"column":57},"end":{"line":18,"column":74}},"type":"default-arg","locations":[{"start":{"line":18,"column":69},"end":{"line":18,"column":74}}]},"1":{"loc":{"start":{"line":26,"column":19},"end":{"line":32,"column":null}},"type":"cond-expr","locations":[{"start":{"line":26,"column":29},"end":{"line":32,"column":8}},{"start":{"line":32,"column":8},"end":{"line":32,"column":null}}]},"2":{"loc":{"start":{"line":90,"column":9},"end":{"line":90,"column":null}},"type":"cond-expr","locations":[{"start":{"line":90,"column":19},"end":{"line":90,"column":43}},{"start":{"line":90,"column":43},"end":{"line":90,"column":null}}]}},"s":{"0":0,"1":0,"2":0,"3":0,"4":0,"5":0,"6":0,"7":0,"8":0,"9":0,"10":0},"f":{"0":0,"1":0},"b":{"0":[0],"1":[0,0],"2":[0,0]}}
,"C:\\Users\\Ramos\\Documents\\GitHub\\PlanningTask\\components\\projects\\ProjectList.tsx": {"path":"C:\\Users\\Ramos\\Documents\\GitHub\\PlanningTask\\components\\projects\\ProjectList.tsx","statementMap":{"0":{"start":{"line":14,"column":24},"end":{"line":14,"column":36}},"1":{"start":{"line":4,"column":24},"end":{"line":4,"column":null}},"2":{"start":{"line":5,"column":20},"end":{"line":5,"column":null}},"3":{"start":{"line":20,"column":2},"end":{"line":26,"column":null}},"4":{"start":{"line":28,"column":2},"end":{"line":36,"column":null}},"5":{"start":{"line":41,"column":8},"end":{"line":42,"column":null}}},"fnMap":{"0":{"name":"ProjectList","decl":{"start":{"line":14,"column":24},"end":{"line":14,"column":36}},"loc":{"start":{"line":19,"column":19},"end":{"line":50,"column":null}}},"1":{"name":"(anonymous_3)","decl":{"start":{"line":40,"column":20},"end":{"line":40,"column":null}},"loc":{"start":{"line":41,"column":8},"end":{"line":42,"column":null}}}},"branchMap":{"0":{"loc":{"start":{"line":16,"column":2},"end":{"line":16,"column":17}},"type":"default-arg","locations":[{"start":{"line":16,"column":12},"end":{"line":16,"column":17}}]},"1":{"loc":{"start":{"line":20,"column":2},"end":{"line":26,"column":null}},"type":"if","locations":[{"start":{"line":20,"column":2},"end":{"line":26,"column":null}},{"start":{},"end":{}}]},"2":{"loc":{"start":{"line":28,"column":2},"end":{"line":36,"column":null}},"type":"if","locations":[{"start":{"line":28,"column":2},"end":{"line":36,"column":null}},{"start":{},"end":{}}]}},"s":{"0":0,"1":0,"2":0,"3":0,"4":0,"5":0},"f":{"0":0,"1":0},"b":{"0":[0],"1":[0,0],"2":[0,0]}}
,"C:\\Users\\Ramos\\Documents\\GitHub\\PlanningTask\\components\\projects\\ProjectModal.tsx": {"path":"C:\\Users\\Ramos\\Documents\\GitHub\\PlanningTask\\components\\projects\\ProjectModal.tsx","statementMap":{"0":{"start":{"line":16,"column":24},"end":{"line":16,"column":37}},"1":{"start":{"line":3,"column":25},"end":{"line":3,"column":null}},"2":{"start":{"line":4,"column":18},"end":{"line":4,"column":null}},"3":{"start":{"line":5,"column":24},"end":{"line":5,"column":null}},"4":{"start":{"line":22,"column":36},"end":{"line":22,"column":null}},"5":{"start":{"line":24,"column":23},"end":{"line":32,"column":null}},"6":{"start":{"line":25,"column":4},"end":{"line":25,"column":null}},"7":{"start":{"line":26,"column":4},"end":{"line":31,"column":null}},"8":{"start":{"line":27,"column":6},"end":{"line":27,"column":null}},"9":{"start":{"line":28,"column":6},"end":{"line":28,"column":null}},"10":{"start":{"line":30,"column":6},"end":{"line":30,"column":null}}},"fnMap":{"0":{"name":"ProjectModal","decl":{"start":{"line":16,"column":24},"end":{"line":16,"column":37}},"loc":{"start":{"line":21,"column":20},"end":{"line":47,"column":null}}},"1":{"name":"(anonymous_3)","decl":{"start":{"line":24,"column":23},"end":{"line":24,"column":30}},"loc":{"start":{"line":24,"column":30},"end":{"line":32,"column":null}}}},"branchMap":{"0":{"loc":{"start":{"line":38,"column":13},"end":{"line":38,"column":null}},"type":"cond-expr","locations":[{"start":{"line":38,"column":23},"end":{"line":38,"column":43}},{"start":{"line":38,"column":43},"end":{"line":38,"column":null}}]}},"s":{"0":0,"1":0,"2":0,"3":0,"4":0,"5":0,"6":0,"7":0,"8":0,"9":0,"10":0},"f":{"0":0,"1":0},"b":{"0":[0,0]}}
,"C:\\Users\\Ramos\\Documents\\GitHub\\PlanningTask\\components\\sprints\\SprintCard.tsx": {"path":"C:\\Users\\Ramos\\Documents\\GitHub\\PlanningTask\\components\\sprints\\SprintCard.tsx","statementMap":{"0":{"start":{"line":17,"column":24},"end":{"line":17,"column":35}},"1":{"start":{"line":4,"column":57},"end":{"line":4,"column":null}},"2":{"start":{"line":5,"column":37},"end":{"line":5,"column":null}},"3":{"start":{"line":6,"column":27},"end":{"line":6,"column":null}},"4":{"start":{"line":7,"column":17},"end":{"line":7,"column":null}}},"fnMap":{"0":{"name":"SprintCard","decl":{"start":{"line":17,"column":24},"end":{"line":17,"column":35}},"loc":{"start":{"line":23,"column":18},"end":{"line":57,"column":null}}}},"branchMap":{"0":{"loc":{"start":{"line":20,"column":2},"end":{"line":20,"column":15}},"type":"default-arg","locations":[{"start":{"line":20,"column":14},"end":{"line":20,"column":15}}]},"1":{"loc":{"start":{"line":44,"column":14},"end":{"line":46,"column":null}},"type":"cond-expr","locations":[{"start":{"line":44,"column":43},"end":{"line":44,"column":null}},{"start":{"line":45,"column":14},"end":{"line":46,"column":null}}]},"2":{"loc":{"start":{"line":45,"column":14},"end":{"line":46,"column":null}},"type":"cond-expr","locations":[{"start":{"line":45,"column":44},"end":{"line":45,"column":null}},{"start":{"line":46,"column":14},"end":{"line":46,"column":null}}]},"3":{"loc":{"start":{"line":48,"column":15},"end":{"line":49,"column":null}},"type":"cond-expr","locations":[{"start":{"line":48,"column":44},"end":{"line":48,"column":null}},{"start":{"line":49,"column":15},"end":{"line":49,"column":null}}]},"4":{"loc":{"start":{"line":49,"column":15},"end":{"line":49,"column":null}},"type":"cond-expr","locations":[{"start":{"line":49,"column":45},"end":{"line":49,"column":58}},{"start":{"line":49,"column":58},"end":{"line":49,"column":null}}]}},"s":{"0":0,"1":0,"2":0,"3":0,"4":0},"f":{"0":0},"b":{"0":[0],"1":[0,0],"2":[0,0],"3":[0,0],"4":[0,0]}}
,"C:\\Users\\Ramos\\Documents\\GitHub\\PlanningTask\\components\\sprints\\SprintForm.tsx": {"path":"C:\\Users\\Ramos\\Documents\\GitHub\\PlanningTask\\components\\sprints\\SprintForm.tsx","statementMap":{"0":{"start":{"line":17,"column":24},"end":{"line":17,"column":35}},"1":{"start":{"line":3,"column":24},"end":{"line":3,"column":null}},"2":{"start":{"line":4,"column":28},"end":{"line":4,"column":null}},"3":{"start":{"line":5,"column":50},"end":{"line":5,"column":null}},"4":{"start":{"line":6,"column":19},"end":{"line":6,"column":null}},"5":{"start":{"line":7,"column":18},"end":{"line":7,"column":null}},"6":{"start":{"line":8,"column":19},"end":{"line":8,"column":null}},"7":{"start":{"line":23,"column":6},"end":{"line":31,"column":null}},"8":{"start":{"line":33,"column":23},"end":{"line":36,"column":null}},"9":{"start":{"line":34,"column":4},"end":{"line":34,"column":null}},"10":{"start":{"line":35,"column":4},"end":{"line":35,"column":null}}},"fnMap":{"0":{"name":"SprintForm","decl":{"start":{"line":17,"column":24},"end":{"line":17,"column":35}},"loc":{"start":{"line":17,"column":91},"end":{"line":83,"column":null}}},"1":{"name":"(anonymous_3)","decl":{"start":{"line":33,"column":23},"end":{"line":33,"column":30}},"loc":{"start":{"line":33,"column":30},"end":{"line":36,"column":null}}}},"branchMap":{"0":{"loc":{"start":{"line":17,"column":55},"end":{"line":17,"column":72}},"type":"default-arg","locations":[{"start":{"line":17,"column":67},"end":{"line":17,"column":72}}]},"1":{"loc":{"start":{"line":25,"column":19},"end":{"line":30,"column":null}},"type":"cond-expr","locations":[{"start":{"line":25,"column":28},"end":{"line":30,"column":8}},{"start":{"line":30,"column":8},"end":{"line":30,"column":null}}]},"2":{"loc":{"start":{"line":79,"column":9},"end":{"line":79,"column":null}},"type":"cond-expr","locations":[{"start":{"line":79,"column":18},"end":{"line":79,"column":40}},{"start":{"line":79,"column":40},"end":{"line":79,"column":null}}]}},"s":{"0":0,"1":0,"2":0,"3":0,"4":0,"5":0,"6":0,"7":0,"8":0,"9":0,"10":0},"f":{"0":0,"1":0},"b":{"0":[0],"1":[0,0],"2":[0,0]}}
,"C:\\Users\\Ramos\\Documents\\GitHub\\PlanningTask\\components\\tasks\\TaskCard.tsx": {"path":"C:\\Users\\Ramos\\Documents\\GitHub\\PlanningTask\\components\\tasks\\TaskCard.tsx","statementMap":{"0":{"start":{"line":15,"column":24},"end":{"line":15,"column":33}},"1":{"start":{"line":4,"column":34},"end":{"line":4,"column":null}},"2":{"start":{"line":5,"column":18},"end":{"line":5,"column":null}},"3":{"start":{"line":6,"column":35},"end":{"line":6,"column":null}},"4":{"start":{"line":7,"column":34},"end":{"line":7,"column":null}},"5":{"start":{"line":16,"column":19},"end":{"line":16,"column":null}}},"fnMap":{"0":{"name":"TaskCard","decl":{"start":{"line":15,"column":24},"end":{"line":15,"column":33}},"loc":{"start":{"line":15,"column":85},"end":{"line":53,"column":null}}}},"branchMap":{"0":{"loc":{"start":{"line":15,"column":50},"end":{"line":15,"column":68}},"type":"default-arg","locations":[{"start":{"line":15,"column":63},"end":{"line":15,"column":68}}]},"1":{"loc":{"start":{"line":20,"column":63},"end":{"line":20,"column":94}},"type":"cond-expr","locations":[{"start":{"line":20,"column":76},"end":{"line":20,"column":91}},{"start":{"line":20,"column":91},"end":{"line":20,"column":94}}]},"2":{"loc":{"start":{"line":42,"column":12},"end":{"line":45,"column":null}},"type":"cond-expr","locations":[{"start":{"line":42,"column":37},"end":{"line":42,"column":null}},{"start":{"line":43,"column":12},"end":{"line":45,"column":null}}]},"3":{"loc":{"start":{"line":43,"column":12},"end":{"line":45,"column":null}},"type":"cond-expr","locations":[{"start":{"line":43,"column":44},"end":{"line":43,"column":null}},{"start":{"line":44,"column":12},"end":{"line":45,"column":null}}]},"4":{"loc":{"start":{"line":44,"column":12},"end":{"line":45,"column":null}},"type":"cond-expr","locations":[{"start":{"line":44,"column":44},"end":{"line":44,"column":null}},{"start":{"line":45,"column":12},"end":{"line":45,"column":null}}]}},"s":{"0":0,"1":0,"2":0,"3":0,"4":0,"5":0},"f":{"0":0},"b":{"0":[0],"1":[0,0],"2":[0,0],"3":[0,0],"4":[0,0]}}
,"C:\\Users\\Ramos\\Documents\\GitHub\\PlanningTask\\components\\tasks\\TaskFilters.tsx": {"path":"C:\\Users\\Ramos\\Documents\\GitHub\\PlanningTask\\components\\tasks\\TaskFilters.tsx","statementMap":{"0":{"start":{"line":15,"column":24},"end":{"line":15,"column":36}},"1":{"start":{"line":3,"column":18},"end":{"line":3,"column":null}},"2":{"start":{"line":5,"column":27},"end":{"line":5,"column":null}},"3":{"start":{"line":6,"column":50},"end":{"line":6,"column":null}},"4":{"start":{"line":7,"column":18},"end":{"line":7,"column":null}},"5":{"start":{"line":20,"column":92},"end":{"line":20,"column":null}},"6":{"start":{"line":22,"column":32},"end":{"line":25,"column":null}},"7":{"start":{"line":23,"column":4},"end":{"line":23,"column":null}},"8":{"start":{"line":24,"column":4},"end":{"line":24,"column":null}},"9":{"start":{"line":27,"column":29},"end":{"line":30,"column":null}},"10":{"start":{"line":28,"column":4},"end":{"line":28,"column":null}},"11":{"start":{"line":29,"column":4},"end":{"line":29,"column":null}},"12":{"start":{"line":51,"column":10},"end":{"line":51,"column":null}},"13":{"start":{"line":52,"column":10},"end":{"line":52,"column":null}},"14":{"start":{"line":61,"column":12},"end":{"line":61,"column":32}},"15":{"start":{"line":66,"column":40},"end":{"line":68,"column":null}},"16":{"start":{"line":68,"column":54},"end":{"line":68,"column":67}},"17":{"start":{"line":69,"column":18},"end":{"line":69,"column":null}},"18":{"start":{"line":83,"column":12},"end":{"line":83,"column":32}},"19":{"start":{"line":88,"column":38},"end":{"line":90,"column":null}},"20":{"start":{"line":90,"column":51},"end":{"line":90,"column":null}},"21":{"start":{"line":91,"column":18},"end":{"line":91,"column":null}}},"fnMap":{"0":{"name":"TaskFilters","decl":{"start":{"line":15,"column":24},"end":{"line":15,"column":36}},"loc":{"start":{"line":19,"column":19},"end":{"line":102,"column":null}}},"1":{"name":"(anonymous_3)","decl":{"start":{"line":22,"column":32},"end":{"line":22,"column":33}},"loc":{"start":{"line":22,"column":33},"end":{"line":25,"column":null}}},"2":{"name":"(anonymous_4)","decl":{"start":{"line":27,"column":29},"end":{"line":27,"column":30}},"loc":{"start":{"line":27,"column":30},"end":{"line":30,"column":null}}},"3":{"name":"(anonymous_5)","decl":{"start":{"line":50,"column":18},"end":{"line":50,"column":null}},"loc":{"start":{"line":50,"column":18},"end":{"line":53,"column":null}}},"4":{"name":"(anonymous_6)","decl":{"start":{"line":60,"column":26},"end":{"line":60,"column":null}},"loc":{"start":{"line":61,"column":12},"end":{"line":61,"column":32}}},"5":{"name":"(anonymous_7)","decl":{"start":{"line":65,"column":26},"end":{"line":65,"column":null}},"loc":{"start":{"line":65,"column":26},"end":{"line":70,"column":null}}},"6":{"name":"(anonymous_8)","decl":{"start":{"line":68,"column":48},"end":{"line":68,"column":54}},"loc":{"start":{"line":68,"column":54},"end":{"line":68,"column":67}}},"7":{"name":"(anonymous_9)","decl":{"start":{"line":82,"column":29},"end":{"line":82,"column":null}},"loc":{"start":{"line":83,"column":12},"end":{"line":83,"column":32}}},"8":{"name":"(anonymous_10)","decl":{"start":{"line":87,"column":26},"end":{"line":87,"column":null}},"loc":{"start":{"line":87,"column":26},"end":{"line":92,"column":null}}},"9":{"name":"(anonymous_11)","decl":{"start":{"line":90,"column":46},"end":{"line":90,"column":51}},"loc":{"start":{"line":90,"column":51},"end":{"line":90,"column":null}}}},"branchMap":{"0":{"loc":{"start":{"line":36,"column":9},"end":{"line":36,"column":null}},"type":"binary-expr","locations":[{"start":{"line":36,"column":9},"end":{"line":36,"column":null}}]},"1":{"loc":{"start":{"line":66,"column":40},"end":{"line":68,"column":null}},"type":"cond-expr","locations":[{"start":{"line":67,"column":22},"end":{"line":67,"column":null}},{"start":{"line":68,"column":22},"end":{"line":68,"column":null}}]},"2":{"loc":{"start":{"line":88,"column":38},"end":{"line":90,"column":null}},"type":"cond-expr","locations":[{"start":{"line":89,"column":22},"end":{"line":89,"column":null}},{"start":{"line":90,"column":22},"end":{"line":90,"column":null}}]}},"s":{"0":0,"1":0,"2":0,"3":0,"4":0,"5":0,"6":0,"7":0,"8":0,"9":0,"10":0,"11":0,"12":0,"13":0,"14":0,"15":0,"16":0,"17":0,"18":0,"19":0,"20":0,"21":0},"f":{"0":0,"1":0,"2":0,"3":0,"4":0,"5":0,"6":0,"7":0,"8":0,"9":0},"b":{"0":[0],"1":[0,0],"2":[0,0]}}
,"C:\\Users\\Ramos\\Documents\\GitHub\\PlanningTask\\components\\tasks\\TaskForm.tsx": {"path":"C:\\Users\\Ramos\\Documents\\GitHub\\PlanningTask\\components\\tasks\\TaskForm.tsx","statementMap":{"0":{"start":{"line":23,"column":24},"end":{"line":23,"column":33}},"1":{"start":{"line":3,"column":39},"end":{"line":3,"column":null}},"2":{"start":{"line":4,"column":28},"end":{"line":4,"column":null}},"3":{"start":{"line":5,"column":46},"end":{"line":5,"column":null}},"4":{"start":{"line":6,"column":19},"end":{"line":6,"column":null}},"5":{"start":{"line":7,"column":18},"end":{"line":7,"column":null}},"6":{"start":{"line":8,"column":19},"end":{"line":8,"column":null}},"7":{"start":{"line":9,"column":57},"end":{"line":9,"column":null}},"8":{"start":{"line":11,"column":33},"end":{"line":11,"column":null}},"9":{"start":{"line":12,"column":24},"end":{"line":12,"column":null}},"10":{"start":{"line":38,"column":6},"end":{"line":56,"column":null}},"11":{"start":{"line":58,"column":37},"end":{"line":61,"column":null}},"12":{"start":{"line":63,"column":23},"end":{"line":71,"column":null}},"13":{"start":{"line":64,"column":26},"end":{"line":68,"column":null}},"14":{"start":{"line":69,"column":4},"end":{"line":69,"column":null}},"15":{"start":{"line":70,"column":4},"end":{"line":70,"column":null}},"16":{"start":{"line":104,"column":44},"end":{"line":104,"column":null}},"17":{"start":{"line":217,"column":29},"end":{"line":217,"column":null}},"18":{"start":{"line":226,"column":12},"end":{"line":226,"column":32}},"19":{"start":{"line":236,"column":33},"end":{"line":236,"column":null}}},"fnMap":{"0":{"name":"TaskForm","decl":{"start":{"line":23,"column":24},"end":{"line":23,"column":33}},"loc":{"start":{"line":29,"column":16},"end":{"line":256,"column":null}}},"1":{"name":"(anonymous_3)","decl":{"start":{"line":63,"column":23},"end":{"line":63,"column":30}},"loc":{"start":{"line":63,"column":30},"end":{"line":71,"column":null}}},"2":{"name":"(anonymous_4)","decl":{"start":{"line":104,"column":38},"end":{"line":104,"column":44}},"loc":{"start":{"line":104,"column":44},"end":{"line":104,"column":null}}},"3":{"name":"(anonymous_5)","decl":{"start":{"line":217,"column":23},"end":{"line":217,"column":29}},"loc":{"start":{"line":217,"column":29},"end":{"line":217,"column":null}}},"4":{"name":"(anonymous_6)","decl":{"start":{"line":225,"column":22},"end":{"line":225,"column":23}},"loc":{"start":{"line":226,"column":12},"end":{"line":226,"column":32}}},"5":{"name":"(anonymous_7)","decl":{"start":{"line":236,"column":27},"end":{"line":236,"column":33}},"loc":{"start":{"line":236,"column":33},"end":{"line":236,"column":null}}}},"branchMap":{"0":{"loc":{"start":{"line":28,"column":2},"end":{"line":28,"column":19}},"type":"default-arg","locations":[{"start":{"line":28,"column":14},"end":{"line":28,"column":19}}]},"1":{"loc":{"start":{"line":40,"column":19},"end":{"line":55,"column":null}},"type":"cond-expr","locations":[{"start":{"line":40,"column":26},"end":{"line":51,"column":8}},{"start":{"line":51,"column":8},"end":{"line":55,"column":null}}]},"2":{"loc":{"start":{"line":233,"column":15},"end":{"line":233,"column":null}},"type":"binary-expr","locations":[{"start":{"line":233,"column":15},"end":{"line":233,"column":null}}]},"3":{"loc":{"start":{"line":245,"column":11},"end":{"line":245,"column":36}},"type":"binary-expr","locations":[{"start":{"line":245,"column":11},"end":{"line":245,"column":36}}]},"4":{"loc":{"start":{"line":252,"column":9},"end":{"line":252,"column":null}},"type":"cond-expr","locations":[{"start":{"line":252,"column":16},"end":{"line":252,"column":37}},{"start":{"line":252,"column":37},"end":{"line":252,"column":null}}]}},"s":{"0":0,"1":0,"2":0,"3":0,"4":0,"5":0,"6":0,"7":0,"8":0,"9":0,"10":0,"11":0,"12":0,"13":0,"14":0,"15":0,"16":0,"17":0,"18":0,"19":0},"f":{"0":0,"1":0,"2":0,"3":0,"4":0,"5":0},"b":{"0":[0],"1":[0,0],"2":[0],"3":[0],"4":[0,0]}}
,"C:\\Users\\Ramos\\Documents\\GitHub\\PlanningTask\\components\\tasks\\TaskKanban.tsx": {"path":"C:\\Users\\Ramos\\Documents\\GitHub\\PlanningTask\\components\\tasks\\TaskKanban.tsx","statementMap":{"0":{"start":{"line":19,"column":24},"end":{"line":19,"column":35}},"1":{"start":{"line":5,"column":21},"end":{"line":5,"column":null}},"2":{"start":{"line":6,"column":35},"end":{"line":6,"column":null}},"3":{"start":{"line":7,"column":21},"end":{"line":7,"column":null}},"4":{"start":{"line":17,"column":37},"end":{"line":17,"column":null}},"5":{"start":{"line":26,"column":52},"end":{"line":32,"column":null}},"6":{"start":{"line":34,"column":2},"end":{"line":36,"column":null}},"7":{"start":{"line":35,"column":4},"end":{"line":35,"column":null}},"8":{"start":{"line":41,"column":8},"end":{"line":41,"column":26}},"9":{"start":{"line":53,"column":14},"end":{"line":54,"column":null}},"10":{"start":{"line":55,"column":31},"end":{"line":55,"column":null}},"11":{"start":{"line":64,"column":27},"end":{"line":64,"column":null}}},"fnMap":{"0":{"name":"TaskKanban","decl":{"start":{"line":19,"column":24},"end":{"line":19,"column":35}},"loc":{"start":{"line":25,"column":18},"end":{"line":74,"column":null}}},"1":{"name":"(anonymous_3)","decl":{"start":{"line":34,"column":16},"end":{"line":34,"column":null}},"loc":{"start":{"line":34,"column":16},"end":{"line":36,"column":null}}},"2":{"name":"(anonymous_4)","decl":{"start":{"line":40,"column":26},"end":{"line":40,"column":null}},"loc":{"start":{"line":41,"column":8},"end":{"line":41,"column":26}}},"3":{"name":"(anonymous_5)","decl":{"start":{"line":52,"column":39},"end":{"line":52,"column":null}},"loc":{"start":{"line":53,"column":14},"end":{"line":54,"column":null}}},"4":{"name":"(anonymous_6)","decl":{"start":{"line":55,"column":25},"end":{"line":55,"column":31}},"loc":{"start":{"line":55,"column":31},"end":{"line":55,"column":null}}},"5":{"name":"(anonymous_7)","decl":{"start":{"line":64,"column":21},"end":{"line":64,"column":27}},"loc":{"start":{"line":64,"column":27},"end":{"line":64,"column":null}}}},"branchMap":{},"s":{"0":0,"1":0,"2":0,"3":0,"4":0,"5":0,"6":0,"7":0,"8":0,"9":0,"10":0,"11":0},"f":{"0":0,"1":0,"2":0,"3":0,"4":0,"5":0},"b":{}}
,"C:\\Users\\Ramos\\Documents\\GitHub\\PlanningTask\\components\\tasks\\TaskModal.tsx": {"path":"C:\\Users\\Ramos\\Documents\\GitHub\\PlanningTask\\components\\tasks\\TaskModal.tsx","statementMap":{"0":{"start":{"line":17,"column":24},"end":{"line":17,"column":34}},"1":{"start":{"line":3,"column":25},"end":{"line":3,"column":null}},"2":{"start":{"line":4,"column":18},"end":{"line":4,"column":null}},"3":{"start":{"line":5,"column":21},"end":{"line":5,"column":null}},"4":{"start":{"line":25,"column":36},"end":{"line":25,"column":null}},"5":{"start":{"line":27,"column":23},"end":{"line":35,"column":null}},"6":{"start":{"line":28,"column":4},"end":{"line":28,"column":null}},"7":{"start":{"line":29,"column":4},"end":{"line":34,"column":null}},"8":{"start":{"line":30,"column":6},"end":{"line":30,"column":null}},"9":{"start":{"line":31,"column":6},"end":{"line":31,"column":null}},"10":{"start":{"line":33,"column":6},"end":{"line":33,"column":null}}},"fnMap":{"0":{"name":"TaskModal","decl":{"start":{"line":17,"column":24},"end":{"line":17,"column":34}},"loc":{"start":{"line":24,"column":17},"end":{"line":53,"column":null}}},"1":{"name":"(anonymous_3)","decl":{"start":{"line":27,"column":23},"end":{"line":27,"column":30}},"loc":{"start":{"line":27,"column":30},"end":{"line":35,"column":null}}}},"branchMap":{"0":{"loc":{"start":{"line":41,"column":13},"end":{"line":41,"column":null}},"type":"cond-expr","locations":[{"start":{"line":41,"column":20},"end":{"line":41,"column":37}},{"start":{"line":41,"column":37},"end":{"line":41,"column":null}}]}},"s":{"0":0,"1":0,"2":0,"3":0,"4":0,"5":0,"6":0,"7":0,"8":0,"9":0,"10":0},"f":{"0":0,"1":0},"b":{"0":[0,0]}}
,"C:\\Users\\Ramos\\Documents\\GitHub\\PlanningTask\\components\\tasks\\TaskTable.tsx": {"path":"C:\\Users\\Ramos\\Documents\\GitHub\\PlanningTask\\components\\tasks\\TaskTable.tsx","statementMap":{"0":{"start":{"line":18,"column":24},"end":{"line":18,"column":34}},"1":{"start":{"line":4,"column":57},"end":{"line":4,"column":null}},"2":{"start":{"line":5,"column":18},"end":{"line":5,"column":null}},"3":{"start":{"line":7,"column":55},"end":{"line":7,"column":null}},"4":{"start":{"line":8,"column":27},"end":{"line":8,"column":null}},"5":{"start":{"line":9,"column":29},"end":{"line":9,"column":null}},"6":{"start":{"line":24,"column":2},"end":{"line":32,"column":null}},"7":{"start":{"line":53,"column":14},"end":{"line":54,"column":null}},"8":{"start":{"line":82,"column":35},"end":{"line":82,"column":null}},"9":{"start":{"line":90,"column":22},"end":{"line":92,"column":null}},"10":{"start":{"line":91,"column":24},"end":{"line":91,"column":null}}},"fnMap":{"0":{"name":"TaskTable","decl":{"start":{"line":18,"column":24},"end":{"line":18,"column":34}},"loc":{"start":{"line":23,"column":17},"end":{"line":107,"column":null}}},"1":{"name":"(anonymous_3)","decl":{"start":{"line":52,"column":23},"end":{"line":52,"column":null}},"loc":{"start":{"line":53,"column":14},"end":{"line":54,"column":null}}},"2":{"name":"(anonymous_4)","decl":{"start":{"line":82,"column":29},"end":{"line":82,"column":35}},"loc":{"start":{"line":82,"column":35},"end":{"line":82,"column":null}}},"3":{"name":"(anonymous_5)","decl":{"start":{"line":89,"column":29},"end":{"line":89,"column":null}},"loc":{"start":{"line":89,"column":29},"end":{"line":93,"column":null}}}},"branchMap":{"0":{"loc":{"start":{"line":24,"column":2},"end":{"line":32,"column":null}},"type":"if","locations":[{"start":{"line":24,"column":2},"end":{"line":32,"column":null}},{"start":{},"end":{}}]},"1":{"loc":{"start":{"line":72,"column":20},"end":{"line":75,"column":null}},"type":"cond-expr","locations":[{"start":{"line":72,"column":45},"end":{"line":72,"column":null}},{"start":{"line":73,"column":20},"end":{"line":75,"column":null}}]},"2":{"loc":{"start":{"line":73,"column":20},"end":{"line":75,"column":null}},"type":"cond-expr","locations":[{"start":{"line":73,"column":52},"end":{"line":73,"column":null}},{"start":{"line":74,"column":20},"end":{"line":75,"column":null}}]},"3":{"loc":{"start":{"line":74,"column":20},"end":{"line":75,"column":null}},"type":"cond-expr","locations":[{"start":{"line":74,"column":52},"end":{"line":74,"column":null}},{"start":{"line":75,"column":20},"end":{"line":75,"column":null}}]},"4":{"loc":{"start":{"line":90,"column":22},"end":{"line":92,"column":null}},"type":"if","locations":[{"start":{"line":90,"column":22},"end":{"line":92,"column":null}},{"start":{},"end":{}}]}},"s":{"0":0,"1":0,"2":0,"3":0,"4":0,"5":0,"6":0,"7":0,"8":0,"9":0,"10":0},"f":{"0":0,"1":0,"2":0,"3":0},"b":{"0":[0,0],"1":[0,0],"2":[0,0],"3":[0,0],"4":[0,0]}}
[...]
,"C:\\Users\\Ramos\\Documents\\GitHub\\PlanningTask\\lib\\constants\\fibonacciPoints.ts": {"path":"C:\\Users\\Ramos\\Documents\\GitHub\\PlanningTask\\lib\\constants\\fibonacciPoints.ts","statementMap":{"0":{"start":{"line":5,"column":13},"end":{"line":5,"column":29}},"1":{"start":{"line":3,"column":13},"end":{"line":3,"column":29}},"2":{"start":{"line":3,"column":50},"end":{"line":3,"column":null}},"3":{"start":{"line":5,"column":64},"end":{"line":12,"column":null}}},"fnMap":{},"branchMap":{},"s":{"0":6,"1":2,"2":1,"3":1},"f":{},"b":{}}
,"C:\\Users\\Ramos\\Documents\\GitHub\\PlanningTask\\lib\\constants\\taskStates.ts": {"path":"C:\\Users\\Ramos\\Documents\\GitHub\\PlanningTask\\lib\\constants\\taskStates.ts","statementMap":{"0":{"start":{"line":3,"column":13},"end":{"line":3,"column":26}},"1":{"start":{"line":5,"column":13},"end":{"line":5,"column":31}},"2":{"start":{"line":13,"column":13},"end":{"line":13,"column":31}},"3":{"start":{"line":3,"column":43},"end":{"line":3,"column":null}},"4":{"start":{"line":5,"column":100},"end":{"line":11,"column":null}},"5":{"start":{"line":13,"column":62},"end":{"line":19,"column":null}}},"fnMap":{},"branchMap":{},"s":{"0":6,"1":7,"2":5,"3":1,"4":1,"5":1},"f":{},"b":{}}
,"C:\\Users\\Ramos\\Documents\\GitHub\\PlanningTask\\lib\\firebase\\config.ts": {"path":"C:\\Users\\Ramos\\Documents\\GitHub\\PlanningTask\\lib\\firebase\\config.ts","statementMap":{"0":{"start":{"line":18,"column":13},"end":{"line":18,"column":17}},"1":{"start":{"line":19,"column":13},"end":{"line":19,"column":21}},"2":{"start":{"line":20,"column":0},"end":{"line":20,"column":15}},"3":{"start":{"line":1,"column":47},"end":{"line":1,"column":null}},"4":{"start":{"line":2,"column":24},"end":{"line":2,"column":null}},"5":{"start":{"line":3,"column":28},"end":{"line":3,"column":null}},"6":{"start":{"line":5,"column":23},"end":{"line":13,"column":null}},"7":{"start":{"line":16,"column":12},"end":{"line":16,"column":null}},"8":{"start":{"line":18,"column":20},"end":{"line":18,"column":null}},"9":{"start":{"line":19,"column":24},"end":{"line":19,"column":null}},"10":{"start":{"line":20,"column":15},"end":{"line":20,"column":18}}},"fnMap":{},"branchMap":{"0":{"loc":{"start":{"line":6,"column":10},"end":{"line":6,"column":null}},"type":"binary-expr","locations":[{"start":{"line":6,"column":10},"end":{"line":6,"column":50}},{"start":{"line":6,"column":54},"end":{"line":6,"column":null}}]},"1":{"loc":{"start":{"line":7,"column":14},"end":{"line":7,"column":null}},"type":"binary-expr","locations":[{"start":{"line":7,"column":14},"end":{"line":7,"column":58}},{"start":{"line":7,"column":62},"end":{"line":7,"column":null}}]},"2":{"loc":{"start":{"line":8,"column":15},"end":{"line":8,"column":null}},"type":"binary-expr","locations":[{"start":{"line":8,"column":15},"end":{"line":8,"column":60}},{"start":{"line":8,"column":64},"end":{"line":8,"column":null}}]},"3":{"loc":{"start":{"line":9,"column":13},"end":{"line":9,"column":null}},"type":"binary-expr","locations":[{"start":{"line":9,"column":13},"end":{"line":9,"column":56}},{"start":{"line":9,"column":60},"end":{"line":9,"column":null}}]},"4":{"loc":{"start":{"line":10,"column":17},"end":{"line":10,"column":null}},"type":"binary-expr","locations":[{"start":{"line":10,"column":17},"end":{"line":10,"column":64}},{"start":{"line":10,"column":68},"end":{"line":10,"column":null}}]},"5":{"loc":{"start":{"line":11,"column":21},"end":{"line":11,"column":null}},"type":"binary-expr","locations":[{"start":{"line":11,"column":21},"end":{"line":11,"column":73}},{"start":{"line":11,"column":77},"end":{"line":11,"column":null}}]},"6":{"loc":{"start":{"line":12,"column":9},"end":{"line":12,"column":null}},"type":"binary-expr","locations":[{"start":{"line":12,"column":9},"end":{"line":12,"column":48}},{"start":{"line":12,"column":52},"end":{"line":12,"column":null}}]},"7":{"loc":{"start":{"line":16,"column":12},"end":{"line":16,"column":null}},"type":"cond-expr","locations":[{"start":{"line":16,"column":37},"end":{"line":16,"column":69}},{"start":{"line":16,"column":69},"end":{"line":16,"column":null}}]}},"s":{"0":0,"1":0,"2":0,"3":0,"4":0,"5":0,"6":0,"7":0,"8":0,"9":0,"10":0},"f":{},"b":{"0":[0,0],"1":[0,0],"2":[0,0],"3":[0,0],"4":[0,0],"5":[0,0],"6":[0,0],"7":[0,0]}}
,"C:\\Users\\Ramos\\Documents\\GitHub\\PlanningTask\\lib\\utils\\calculations.ts": {"path":"C:\\Users\\Ramos\\Documents\\GitHub\\PlanningTask\\lib\\utils\\calculations.ts","statementMap":{"0":{"start":{"line":13,"column":13},"end":{"line":13,"column":35}},"1":{"start":{"line":3,"column":13},"end":{"line":3,"column":30}},"2":{"start":{"line":19,"column":13},"end":{"line":19,"column":36}},"3":{"start":{"line":7,"column":13},"end":{"line":7,"column":36}},"4":{"start":{"line":38,"column":13},"end":{"line":38,"column":32}},"5":{"start":{"line":3,"column":33},"end":{"line":5,"column":null}},"6":{"start":{"line":4,"column":2},"end":{"line":4,"column":null}},"7":{"start":{"line":7,"column":39},"end":{"line":11,"column":null}},"8":{"start":{"line":8,"column":2},"end":{"line":8,"column":null}},"9":{"start":{"line":8,"column":26},"end":{"line":8,"column":null}},"10":{"start":{"line":9,"column":20},"end":{"line":9,"column":65}},"11":{"start":{"line":9,"column":38},"end":{"line":9,"column":59}},"12":{"start":{"line":10,"column":2},"end":{"line":10,"column":null}},"13":{"start":{"line":13,"column":38},"end":{"line":17,"column":null}},"14":{"start":{"line":14,"column":2},"end":{"line":16,"column":null}},"15":{"start":{"line":15,"column":17},"end":{"line":15,"column":null}},"16":{"start":{"line":16,"column":24},"end":{"line":16,"column":41}},"17":{"start":{"line":19,"column":39},"end":{"line":36,"column":null}},"18":{"start":{"line":20,"column":16},"end":{"line":20,"column":28}},"19":{"start":{"line":21,"column":20},"end":{"line":21,"column":65}},"20":{"start":{"line":21,"column":38},"end":{"line":21,"column":59}},"21":{"start":{"line":22,"column":18},"end":{"line":22,"column":64}},"22":{"start":{"line":22,"column":36},"end":{"line":22,"column":58}},"23":{"start":{"line":23,"column":21},"end":{"line":23,"column":73}},"24":{"start":{"line":23,"column":39},"end":{"line":23,"column":67}},"25":{"start":{"line":24,"column":21},"end":{"line":24,"column":73}},"26":{"start":{"line":24,"column":39},"end":{"line":24,"column":67}},"27":{"start":{"line":25,"column":20},"end":{"line":25,"column":70}},"28":{"start":{"line":25,"column":38},"end":{"line":25,"column":64}},"29":{"start":{"line":27,"column":2},"end":{"line":35,"column":null}},"30":{"start":{"line":38,"column":35},"end":{"line":58,"column":null}},"31":{"start":{"line":39,"column":93},"end":{"line":39,"column":null}},"32":{"start":{"line":41,"column":2},"end":{"line":55,"column":null}},"33":{"start":{"line":42,"column":4},"end":{"line":44,"column":null}},"34":{"start":{"line":43,"column":6},"end":{"line":43,"column":null}},"35":{"start":{"line":46,"column":4},"end":{"line":50,"column":null}},"36":{"start":{"line":47,"column":6},"end":{"line":47,"column":null}},"37":{"start":{"line":48,"column":11},"end":{"line":50,"column":null}},"38":{"start":{"line":49,"column":6},"end":{"line":49,"column":null}},"39":{"start":{"line":52,"column":4},"end":{"line":54,"column":null}},"40":{"start":{"line":53,"column":6},"end":{"line":53,"column":null}},"41":{"start":{"line":57,"column":2},"end":{"line":57,"column":null}}},"fnMap":{"0":{"name":"(anonymous_6)","decl":{"start":{"line":3,"column":33},"end":{"line":3,"column":34}},"loc":{"start":{"line":3,"column":53},"end":{"line":5,"column":null}}},"1":{"name":"(anonymous_7)","decl":{"start":{"line":7,"column":39},"end":{"line":7,"column":40}},"loc":{"start":{"line":7,"column":40},"end":{"line":11,"column":null}}},"2":{"name":"(anonymous_8)","decl":{"start":{"line":9,"column":33},"end":{"line":9,"column":38}},"loc":{"start":{"line":9,"column":38},"end":{"line":9,"column":59}}},"3":{"name":"(anonymous_9)","decl":{"start":{"line":13,"column":38},"end":{"line":13,"column":39}},"loc":{"start":{"line":13,"column":54},"end":{"line":17,"column":null}}},"4":{"name":"(anonymous_10)","decl":{"start":{"line":15,"column":12},"end":{"line":15,"column":17}},"loc":{"start":{"line":15,"column":17},"end":{"line":15,"column":null}}},"5":{"name":"(anonymous_11)","decl":{"start":{"line":16,"column":12},"end":{"line":16,"column":13}},"loc":{"start":{"line":16,"column":24},"end":{"line":16,"column":41}}},"6":{"name":"(anonymous_12)","decl":{"start":{"line":19,"column":39},"end":{"line":19,"column":40}},"loc":{"start":{"line":19,"column":40},"end":{"line":36,"column":null}}},"7":{"name":"(anonymous_13)","decl":{"start":{"line":21,"column":33},"end":{"line":21,"column":38}},"loc":{"start":{"line":21,"column":38},"end":{"line":21,"column":59}}},"8":{"name":"(anonymous_14)","decl":{"start":{"line":22,"column":31},"end":{"line":22,"column":36}},"loc":{"start":{"line":22,"column":36},"end":{"line":22,"column":58}}},"9":{"name":"(anonymous_15)","decl":{"start":{"line":23,"column":34},"end":{"line":23,"column":39}},"loc":{"start":{"line":23,"column":39},"end":{"line":23,"column":67}}},"10":{"name":"(anonymous_16)","decl":{"start":{"line":24,"column":34},"end":{"line":24,"column":39}},"loc":{"start":{"line":24,"column":39},"end":{"line":24,"column":67}}},"11":{"name":"(anonymous_17)","decl":{"start":{"line":25,"column":33},"end":{"line":25,"column":38}},"loc":{"start":{"line":25,"column":38},"end":{"line":25,"column":64}}},"12":{"name":"(anonymous_18)","decl":{"start":{"line":38,"column":35},"end":{"line":38,"column":36}},"loc":{"start":{"line":38,"column":36},"end":{"line":58,"column":null}}},"13":{"name":"(anonymous_19)","decl":{"start":{"line":41,"column":16},"end":{"line":41,"column":null}},"loc":{"start":{"line":41,"column":16},"end":{"line":55,"column":null}}}},"branchMap":{"0":{"loc":{"start":{"line":4,"column":34},"end":{"line":4,"column":53}},"type":"binary-expr","locations":[{"start":{"line":4,"column":34},"end":{"line":4,"column":47}},{"start":{"line":4,"column":47},"end":{"line":4,"column":53}}]},"1":{"loc":{"start":{"line":8,"column":2},"end":{"line":8,"column":null}},"type":"if","locations":[{"start":{"line":8,"column":2},"end":{"line":8,"column":null}},{"start":{},"end":{}}]},"2":{"loc":{"start":{"line":15,"column":17},"end":{"line":15,"column":null}},"type":"binary-expr","locations":[{"start":{"line":15,"column":17},"end":{"line":15,"column":48}},{"start":{"line":15,"column":48},"end":{"line":15,"column":null}}]},"3":{"loc":{"start":{"line":34,"column":26},"end":{"line":34,"column":null}},"type":"cond-expr","locations":[{"start":{"line":34,"column":38},"end":{"line":34,"column":66}},{"start":{"line":34,"column":66},"end":{"line":34,"column":null}}]},"4":{"loc":{"start":{"line":42,"column":4},"end":{"line":44,"column":null}},"type":"if","locations":[{"start":{"line":42,"column":4},"end":{"line":44,"column":null}},{"start":{},"end":{}}]},"5":{"loc":{"start":{"line":46,"column":4},"end":{"line":50,"column":null}},"type":"if","locations":[{"start":{"line":46,"column":4},"end":{"line":50,"column":null}},{"start":{"line":48,"column":11},"end":{"line":50,"column":null}}]},"6":{"loc":{"start":{"line":48,"column":11},"end":{"line":50,"column":null}},"type":"if","locations":[{"start":{"line":48,"column":11},"end":{"line":50,"column":null}},{"start":{},"end":{}}]},"7":{"loc":{"start":{"line":52,"column":4},"end":{"line":54,"column":null}},"type":"if","locations":[{"start":{"line":52,"column":4},"end":{"line":54,"column":null}},{"start":{},"end":{}}]}},"s":{"0":3,"1":6,"2":2,"3":3,"4":1,"5":1,"6":6,"7":1,"8":3,"9":1,"10":2,"11":6,"12":2,"13":1,"14":3,"15":9,"16":3,"17":1,"18":2,"19":2,"20":6,"21":2,"22":6,"23":2,"24":6,"25":2,"26":6,"27":2,"28":6,"29":2,"30":1,"31":1,"32":1,"33":4,"34":2,"35":4,"36":2,"37":2,"38":1,"39":4,"40":2,"41":1},"f":{"0":6,"1":3,"2":6,"3":3,"4":9,"5":3,"6":2,"7":6,"8":6,"9":6,"10":6,"11":6,"12":1,"13":4},"b":{"0":[6,1],"1":[1,2],"2":[9,5],"3":[1,1],"4":[2,2],"5":[2,2],"6":[1,1],"7":[2,2]}}
,"C:\\Users\\Ramos\\Documents\\GitHub\\PlanningTask\\lib\\utils\\cn.ts": {"path":"C:\\Users\\Ramos\\Documents\\GitHub\\PlanningTask\\lib\\utils\\cn.ts","statementMap":{"0":{"start":{"line":4,"column":16},"end":{"line":4,"column":19}},"1":{"start":{"line":1,"column":38},"end":{"line":1,"column":null}},"2":{"start":{"line":2,"column":24},"end":{"line":2,"column":null}},"3":{"start":{"line":5,"column":2},"end":{"line":5,"column":null}}},"fnMap":{"0":{"name":"cn","decl":{"start":{"line":4,"column":16},"end":{"line":4,"column":19}},"loc":{"start":{"line":4,"column":42},"end":{"line":6,"column":null}}}},"branchMap":{},"s":{"0":67,"1":5,"2":5,"3":67},"f":{"0":67},"b":{}}
,"C:\\Users\\Ramos\\Documents\\GitHub\\PlanningTask\\lib\\utils\\formatters.ts": {"path":"C:\\Users\\Ramos\\Documents\\GitHub\\PlanningTask\\lib\\utils\\formatters.ts","statementMap":{"0":{"start":{"line":4,"column":13},"end":{"line":4,"column":23}},"1":{"start":{"line":12,"column":13},"end":{"line":12,"column":27}},"2":{"start":{"line":20,"column":13},"end":{"line":20,"column":26}},"3":{"start":{"line":35,"column":13},"end":{"line":35,"column":27}},"4":{"start":{"line":50,"column":13},"end":{"line":50,"column":25}},"5":{"start":{"line":1,"column":23},"end":{"line":1,"column":null}},"6":{"start":{"line":2,"column":19},"end":{"line":2,"column":null}},"7":{"start":{"line":4,"column":26},"end":{"line":10,"column":null}},"8":{"start":{"line":5,"column":2},"end":{"line":9,"column":null}},"9":{"start":{"line":6,"column":4},"end":{"line":6,"column":null}},"10":{"start":{"line":8,"column":4},"end":{"line":8,"column":null}},"11":{"start":{"line":12,"column":30},"end":{"line":18,"column":null}},"12":{"start":{"line":13,"column":2},"end":{"line":17,"column":null}},"13":{"start":{"line":14,"column":4},"end":{"line":14,"column":null}},"14":{"start":{"line":16,"column":4},"end":{"line":16,"column":null}},"15":{"start":{"line":20,"column":29},"end":{"line":33,"column":null}},"16":{"start":{"line":21,"column":14},"end":{"line":21,"column":null}},"17":{"start":{"line":22,"column":15},"end":{"line":22,"column":null}},"18":{"start":{"line":23,"column":18},"end":{"line":23,"column":null}},"19":{"start":{"line":24,"column":16},"end":{"line":24,"column":null}},"20":{"start":{"line":25,"column":15},"end":{"line":25,"column":null}},"21":{"start":{"line":27,"column":2},"end":{"line":27,"column":null}},"22":{"start":{"line":27,"column":19},"end":{"line":27,"column":null}},"23":{"start":{"line":28,"column":2},"end":{"line":28,"column":null}},"24":{"start":{"line":28,"column":20},"end":{"line":28,"column":null}},"25":{"start":{"line":29,"column":2},"end":{"line":29,"column":null}},"26":{"start":{"line":29,"column":18},"end":{"line":29,"column":null}},"27":{"start":{"line":30,"column":2},"end":{"line":30,"column":null}},"28":{"start":{"line":30,"column":17},"end":{"line":30,"column":null}},"29":{"start":{"line":32,"column":2},"end":{"line":32,"column":null}},"30":{"start":{"line":35,"column":30},"end":{"line":48,"column":null}},"31":{"start":{"line":36,"column":41},"end":{"line":46,"column":null}},"32":{"start":{"line":47,"column":2},"end":{"line":47,"column":null}},"33":{"start":{"line":50,"column":28},"end":{"line":53,"column":null}},"34":{"start":{"line":51,"column":2},"end":{"line":51,"column":null}},"35":{"start":{"line":51,"column":29},"end":{"line":51,"column":null}},"36":{"start":{"line":52,"column":2},"end":{"line":52,"column":null}}},"fnMap":{"0":{"name":"(anonymous_6)","decl":{"start":{"line":4,"column":26},"end":{"line":4,"column":27}},"loc":{"start":{"line":4,"column":27},"end":{"line":10,"column":null}}},"1":{"name":"(anonymous_7)","decl":{"start":{"line":12,"column":30},"end":{"line":12,"column":31}},"loc":{"start":{"line":12,"column":31},"end":{"line":18,"column":null}}},"2":{"name":"(anonymous_8)","decl":{"start":{"line":20,"column":29},"end":{"line":20,"column":30}},"loc":{"start":{"line":20,"column":30},"end":{"line":33,"column":null}}},"3":{"name":"(anonymous_9)","decl":{"start":{"line":35,"column":30},"end":{"line":35,"column":31}},"loc":{"start":{"line":35,"column":31},"end":{"line":48,"column":null}}},"4":{"name":"(anonymous_10)","decl":{"start":{"line":50,"column":28},"end":{"line":50,"column":29}},"loc":{"start":{"line":50,"column":43},"end":{"line":53,"column":null}}}},"branchMap":{"0":{"loc":{"start":{"line":27,"column":2},"end":{"line":27,"column":null}},"type":"if","locations":[{"start":{"line":27,"column":2},"end":{"line":27,"column":null}},{"start":{},"end":{}}]},"1":{"loc":{"start":{"line":28,"column":2},"end":{"line":28,"column":null}},"type":"if","locations":[{"start":{"line":28,"column":2},"end":{"line":28,"column":null}},{"start":{},"end":{}}]},"2":{"loc":{"start":{"line":29,"column":2},"end":{"line":29,"column":null}},"type":"if","locations":[{"start":{"line":29,"column":2},"end":{"line":29,"column":null}},{"start":{},"end":{}}]},"3":{"loc":{"start":{"line":30,"column":2},"end":{"line":30,"column":null}},"type":"if","locations":[{"start":{"line":30,"column":2},"end":{"line":30,"column":null}},{"start":{},"end":{}}]},"4":{"loc":{"start":{"line":47,"column":9},"end":{"line":47,"column":null}},"type":"binary-expr","locations":[{"start":{"line":47,"column":9},"end":{"line":47,"column":23}},{"start":{"line":47,"column":27},"end":{"line":47,"column":null}}]},"5":{"loc":{"start":{"line":51,"column":2},"end":{"line":51,"column":null}},"type":"if","locations":[{"start":{"line":51,"column":2},"end":{"line":51,"column":null}},{"start":{},"end":{}}]}},"s":{"0":2,"1":1,"2":4,"3":10,"4":3,"5":1,"6":1,"7":1,"8":2,"9":2,"10":1,"11":1,"12":1,"13":1,"14":0,"15":1,"16":4,"17":4,"18":4,"19":4,"20":4,"21":4,"22":1,"23":3,"24":1,"25":2,"26":1,"27":1,"28":1,"29":0,"30":1,"31":10,"32":10,"33":1,"34":3,"35":2,"36":1},"f":{"0":2,"1":1,"2":4,"3":10,"4":3},"b":{"0":[1,3],"1":[1,2],"2":[1,1],"3":[1,0],"4":[10,1],"5":[2,1]}}
,"C:\\Users\\Ramos\\Documents\\GitHub\\PlanningTask\\lib\\utils\\validators.ts": {"path":"C:\\Users\\Ramos\\Documents\\GitHub\\PlanningTask\\lib\\utils\\validators.ts","statementMap":{"0":{"start":{"line":3,"column":13},"end":{"line":3,"column":26}},"1":{"start":{"line":11,"column":13},"end":{"line":11,"column":25}},"2":{"start":{"line":18,"column":13},"end":{"line":18,"column":23}},"3":{"start":{"line":1,"column":18},"end":{"line":1,"column":null}},"4":{"start":{"line":3,"column":29},"end":{"line":9,"column":null}},"5":{"start":{"line":11,"column":28},"end":{"line":16,"column":null}},"6":{"start":{"line":18,"column":26},"end":{"line":36,"column":null}},"7":{"start":{"line":32,"column":11},"end":{"line":32,"column":null}}},"fnMap":{"0":{"name":"(anonymous_4)","decl":{"start":{"line":32,"column":4},"end":{"line":32,"column":11}},"loc":{"start":{"line":32,"column":11},"end":{"line":32,"column":null}}}},"branchMap":{},"s":{"0":4,"1":2,"2":5,"3":1,"4":1,"5":1,"6":1,"7":4},"f":{"0":4},"b":{}}
}
