TN:
SF:app\layout.tsx
FN:9,RootLayout
FNF:1
FNH:0
FNDA:0,RootLayout
DA:2,0
DA:4,0
DA:9,0
LF:3
LH:0
BRF:0
BRH:0
end_of_record
TN:
SF:app\(dashboard\)\layout.tsx
FN:6,DashboardLayout
FNF:1
FNH:0
FNDA:0,DashboardLayout
DA:3,0
DA:4,0
DA:6,0
LF:3
LH:0
BRF:0
BRH:0
end_of_record
TN:
SF:app\(dashboard\)\dashboard\page.tsx
FN:7,DashboardPage
FNF:1
FNH:0
FNDA:0,DashboardPage
DA:3,0
DA:4,0
DA:5,0
DA:7,0
DA:8,0
DA:10,0
LF:6
LH:0
BRDA:10,0,0,0
BRDA:10,0,1,0
BRF:2
BRH:0
end_of_record
TN:
SF:app\(dashboard\)\projects\page.tsx
FN:13,ProjectsPage
FN:27,(anonymous_6)
FN:44,(anonymous_7)
FN:64,(anonymous_8)
FN:82,(anonymous_9)
FNF:5
FNH:0
FNDA:0,ProjectsPage
FNDA:0,(anonymous_6)
FNDA:0,(anonymous_7)
FNDA:0,(anonymous_8)
FNDA:0,(anonymous_9)
DA:3,0
DA:4,0
DA:5,0
DA:6,0
DA:7,0
DA:8,0
DA:9,0
DA:11,0
DA:13,0
DA:14,0
DA:15,0
DA:16,0
DA:17,0
DA:19,0
DA:27,0
DA:28,0
DA:29,0
DA:30,0
DA:35,0
DA:36,0
DA:38,0
DA:40,0
DA:44,0
DA:45,0
DA:47,0
DA:48,0
DA:49,0
DA:51,0
DA:64,0
DA:82,0
LF:30
LH:0
BRDA:15,0,0,0
BRDA:15,0,1,0
BRDA:19,1,0,0
BRDA:19,1,1,0
BRDA:19,2,0,0
BRDA:19,2,1,0
BRDA:45,3,0,0
BRDA:45,3,1,0
BRDA:67,4,0,0
BRF:9
BRH:0
end_of_record
TN:
SF:app\(dashboard\)\projects\[projectId\]\page.tsx
FN:17,ProjectDetailPage
FN:26,(anonymous_3)
FN:26,(anonymous_4)
FN:27,(anonymous_5)
FN:158,(anonymous_6)
FNF:5
FNH:0
FNDA:0,ProjectDetailPage
FNDA:0,(anonymous_3)
FNDA:0,(anonymous_4)
FNDA:0,(anonymous_5)
FNDA:0,(anonymous_6)
DA:3,0
DA:4,0
DA:5,0
DA:6,0
DA:7,0
DA:8,0
DA:9,0
DA:10,0
DA:11,0
DA:12,0
DA:13,0
DA:14,0
DA:15,0
DA:17,0
DA:18,0
DA:19,0
DA:21,0
DA:22,0
DA:23,0
DA:24,0
DA:26,0
DA:27,0
DA:29,0
DA:37,0
DA:159,0
LF:25
LH:0
BRDA:22,0,0,0
BRDA:22,0,1,0
BRDA:29,1,0,0
BRDA:29,1,1,0
BRDA:29,2,0,0
BRDA:29,2,1,0
BRDA:29,2,2,0
BRDA:29,2,3,0
BRDA:37,3,0,0
BRDA:37,3,1,0
BRDA:55,4,0,0
BRDA:55,4,1,0
BRDA:56,5,0,0
BRDA:56,5,1,0
BRDA:57,6,0,0
BRDA:57,6,1,0
BRDA:60,7,0,0
BRDA:60,7,1,0
BRDA:61,8,0,0
BRDA:61,8,1,0
BRDA:62,9,0,0
BRDA:62,9,1,0
BRDA:155,10,0,0
BRDA:167,11,0,0
BRDA:167,11,1,0
BRDA:168,12,0,0
BRDA:168,12,1,0
BRDA:171,13,0,0
BRDA:171,13,1,0
BRDA:172,14,0,0
BRDA:172,14,1,0
BRF:31
BRH:0
end_of_record
TN:
SF:app\(dashboard\)\projects\[projectId\]\sprints\page.tsx
FN:18,SprintsPage
FN:30,(anonymous_6)
FN:30,(anonymous_7)
FN:32,(anonymous_8)
FN:33,(anonymous_9)
FN:36,(anonymous_10)
FN:53,(anonymous_11)
FN:89,(anonymous_12)
FN:102,(anonymous_13)
FN:106,(anonymous_14)
FN:126,(anonymous_15)
FNF:11
FNH:0
FNDA:0,SprintsPage
FNDA:0,(anonymous_6)
FNDA:0,(anonymous_7)
FNDA:0,(anonymous_8)
FNDA:0,(anonymous_9)
FNDA:0,(anonymous_10)
FNDA:0,(anonymous_11)
FNDA:0,(anonymous_12)
FNDA:0,(anonymous_13)
FNDA:0,(anonymous_14)
FNDA:0,(anonymous_15)
DA:3,0
DA:4,0
DA:5,0
DA:6,0
DA:7,0
DA:8,0
DA:9,0
DA:10,0
DA:11,0
DA:12,0
DA:13,0
DA:15,0
DA:16,0
DA:18,0
DA:19,0
DA:20,0
DA:22,0
DA:23,0
DA:24,0
DA:25,0
DA:27,0
DA:28,0
DA:30,0
DA:32,0
DA:33,0
DA:36,0
DA:37,0
DA:38,0
DA:39,0
DA:44,0
DA:45,0
DA:47,0
DA:49,0
DA:53,0
DA:54,0
DA:56,0
DA:57,0
DA:58,0
DA:60,0
DA:64,0
DA:72,0
DA:89,0
DA:103,0
DA:107,0
DA:108,0
DA:109,0
DA:126,0
LF:47
LH:0
BRDA:23,0,0,0
BRDA:23,0,1,0
BRDA:54,1,0,0
BRDA:54,1,1,0
BRDA:64,2,0,0
BRDA:64,2,1,0
BRDA:64,3,0,0
BRDA:64,3,1,0
BRDA:64,3,2,0
BRDA:72,4,0,0
BRDA:72,4,1,0
BRDA:93,5,0,0
BRDA:108,6,0,0
BRDA:108,6,1,0
BRF:14
BRH:0
end_of_record
TN:
SF:app\(dashboard\)\projects\[projectId\]\tasks\layout.tsx
FN:3,TasksLayout
FNF:1
FNH:0
FNDA:0,TasksLayout
DA:1,0
DA:3,0
DA:8,0
LF:3
LH:0
BRF:0
BRH:0
end_of_record
TN:
SF:app\(dashboard\)\projects\[projectId\]\tasks\page.tsx
FN:21,TasksPage
FN:42,(anonymous_6)
FN:42,(anonymous_7)
FN:45,(anonymous_8)
FN:46,(anonymous_9)
FN:47,(anonymous_10)
FN:52,(anonymous_11)
FN:56,(anonymous_12)
FN:60,(anonymous_13)
FN:64,(anonymous_14)
FN:69,(anonymous_15)
FN:72,(anonymous_16)
FN:96,(anonymous_17)
FN:112,(anonymous_18)
FN:151,(anonymous_19)
FN:164,(anonymous_20)
FN:165,(anonymous_21)
FN:177,(anonymous_22)
FN:186,(anonymous_23)
FN:191,(anonymous_24)
FN:203,(anonymous_25)
FNF:21
FNH:0
FNDA:0,TasksPage
FNDA:0,(anonymous_6)
FNDA:0,(anonymous_7)
FNDA:0,(anonymous_8)
FNDA:0,(anonymous_9)
FNDA:0,(anonymous_10)
FNDA:0,(anonymous_11)
FNDA:0,(anonymous_12)
FNDA:0,(anonymous_13)
FNDA:0,(anonymous_14)
FNDA:0,(anonymous_15)
FNDA:0,(anonymous_16)
FNDA:0,(anonymous_17)
FNDA:0,(anonymous_18)
FNDA:0,(anonymous_19)
FNDA:0,(anonymous_20)
FNDA:0,(anonymous_21)
FNDA:0,(anonymous_22)
FNDA:0,(anonymous_23)
FNDA:0,(anonymous_24)
FNDA:0,(anonymous_25)
DA:3,0
DA:4,0
DA:5,0
DA:6,0
DA:7,0
DA:8,0
DA:9,0
DA:11,0
DA:12,0
DA:13,0
DA:14,0
DA:15,0
DA:16,0
DA:17,0
DA:19,0
DA:21,0
DA:22,0
DA:23,0
DA:24,0
DA:25,0
DA:27,0
DA:28,0
DA:29,0
DA:30,0
DA:35,0
DA:37,0
DA:38,0
DA:39,0
DA:40,0
DA:42,0
DA:44,0
DA:46,0
DA:47,0
DA:52,0
DA:53,0
DA:55,0
DA:56,0
DA:59,0
DA:60,0
DA:63,0
DA:64,0
DA:65,0
DA:69,0
DA:72,0
DA:73,0
DA:74,0
DA:75,0
DA:78,0
DA:79,0
DA:80,0
DA:86,0
DA:87,0
DA:88,0
DA:90,0
DA:92,0
DA:96,0
DA:97,0
DA:99,0
DA:100,0
DA:101,0
DA:102,0
DA:103,0
DA:104,0
DA:106,0
DA:108,0
DA:112,0
DA:113,0
DA:114,0
DA:115,0
DA:116,0
DA:118,0
DA:120,0
DA:124,0
DA:132,0
DA:152,0
DA:153,0
DA:164,0
DA:166,0
DA:167,0
DA:168,0
DA:178,0
DA:179,0
DA:187,0
DA:188,0
DA:192,0
DA:193,0
DA:204,0
DA:205,0
LF:88
LH:0
BRDA:28,0,0,0
BRDA:28,0,1,0
BRDA:32,1,0,0
BRDA:32,1,1,0
BRDA:55,2,0,0
BRDA:55,2,1,0
BRDA:59,3,0,0
BRDA:59,3,1,0
BRDA:63,4,0,0
BRDA:63,4,1,0
BRDA:73,5,0,0
BRDA:73,5,1,0
BRDA:73,6,0,0
BRDA:73,6,1,0
BRDA:83,7,0,0
BRDA:83,7,1,0
BRDA:97,8,0,0
BRDA:97,8,1,0
BRDA:124,9,0,0
BRDA:124,9,1,0
BRDA:124,10,0,0
BRDA:124,10,1,0
BRDA:124,10,2,0
BRDA:132,11,0,0
BRDA:132,11,1,0
BRDA:166,12,0,0
BRDA:166,12,1,0
BRDA:167,13,0,0
BRDA:167,13,1,0
BRDA:168,14,0,0
BRDA:168,14,1,0
BRDA:175,15,0,0
BRDA:207,16,0,0
BRDA:207,16,1,0
BRDA:210,17,0,0
BRDA:210,17,1,0
BRF:36
BRH:0
end_of_record
TN:
SF:app\login\page.tsx
FN:3,LoginPage
FNF:1
FNH:0
FNDA:0,LoginPage
DA:1,0
DA:3,0
DA:4,0
LF:3
LH:0
BRF:0
BRH:0
end_of_record
TN:
SF:components\auth\LoginForm.tsx
FN:10,LoginForm
FN:19,(anonymous_3)
FN:63,(anonymous_4)
FN:73,(anonymous_5)
FN:83,(anonymous_6)
FN:95,(anonymous_7)
FNF:6
FNH:0
FNDA:0,LoginForm
FNDA:0,(anonymous_3)
FNDA:0,(anonymous_4)
FNDA:0,(anonymous_5)
FNDA:0,(anonymous_6)
FNDA:0,(anonymous_7)
DA:3,0
DA:4,0
DA:5,0
DA:6,0
DA:7,0
DA:8,0
DA:10,0
DA:11,0
DA:12,0
DA:13,0
DA:14,0
DA:15,0
DA:16,0
DA:17,0
DA:19,0
DA:20,0
DA:21,0
DA:22,0
DA:24,0
DA:25,0
DA:26,0
DA:28,0
DA:29,0
DA:30,0
DA:32,0
DA:34,0
DA:36,0
DA:63,0
DA:73,0
DA:83,0
DA:96,0
DA:97,0
DA:98,0
DA:99,0
DA:100,0
DA:101,0
LF:36
LH:0
BRDA:25,0,0,0
BRDA:25,0,1,0
BRDA:28,1,0,0
BRDA:28,1,1,0
BRDA:36,2,0,0
BRDA:36,2,1,0
BRDA:47,3,0,0
BRDA:47,3,1,0
BRDA:52,4,0,0
BRDA:52,4,1,0
BRDA:54,5,0,0
BRDA:54,5,1,0
BRDA:58,6,0,0
BRDA:90,7,0,0
BRDA:90,7,1,0
BRDA:105,8,0,0
BRDA:105,8,1,0
BRF:17
BRH:0
end_of_record
TN:
SF:components\layout\Navbar.tsx
FN:10,Navbar
FNF:1
FNH:0
FNDA:0,Navbar
DA:3,0
DA:4,0
DA:10,0
DA:11,0
LF:4
LH:0
BRDA:10,0,0,0
BRDA:19,1,0,0
BRDA:19,1,1,0
BRF:3
BRH:0
end_of_record
TN:
SF:components\layout\Sidebar.tsx
FN:9,Sidebar
FN:14,(anonymous_3)
FN:18,(anonymous_4)
FN:47,(anonymous_5)
FNF:4
FNH:0
FNDA:0,Sidebar
FNDA:0,(anonymous_3)
FNDA:0,(anonymous_4)
FNDA:0,(anonymous_5)
DA:3,0
DA:4,0
DA:5,0
DA:6,0
DA:7,0
DA:9,0
DA:10,0
DA:11,0
DA:12,0
DA:14,0
DA:15,0
DA:18,0
DA:19,0
DA:22,0
DA:48,0
DA:49,0
LF:16
LH:0
BRDA:37,0,0,0
BRDA:37,0,1,0
BRDA:41,1,0,0
BRDA:54,2,0,0
BRDA:54,2,1,0
BRDA:60,3,0,0
BRDA:75,4,0,0
BRF:7
BRH:0
end_of_record
TN:
SF:components\projects\ProjectCard.tsx
FN:15,ProjectCard
FNF:1
FNH:0
FNDA:0,ProjectCard
DA:4,0
DA:5,0
DA:6,0
DA:7,0
DA:15,0
LF:5
LH:0
BRDA:37,0,0,0
BRDA:37,0,1,0
BRDA:38,1,0,0
BRDA:38,1,1,0
BRDA:39,2,0,0
BRDA:39,2,1,0
BRDA:42,3,0,0
BRDA:42,3,1,0
BRDA:43,4,0,0
BRDA:43,4,1,0
BRDA:44,5,0,0
BRDA:44,5,1,0
BRF:12
BRH:0
end_of_record
TN:
SF:components\projects\ProjectForm.tsx
FN:18,ProjectForm
FN:35,(anonymous_3)
FNF:2
FNH:0
FNDA:0,ProjectForm
FNDA:0,(anonymous_3)
DA:4,0
DA:5,0
DA:6,0
DA:7,0
DA:8,0
DA:9,0
DA:18,0
DA:24,0
DA:35,0
DA:36,0
DA:37,0
LF:11
LH:0
BRDA:18,0,0,0
BRDA:26,1,0,0
BRDA:26,1,1,0
BRDA:90,2,0,0
BRDA:90,2,1,0
BRF:5
BRH:0
end_of_record
TN:
SF:components\projects\ProjectList.tsx
FN:14,ProjectList
FN:40,(anonymous_3)
FNF:2
FNH:0
FNDA:0,ProjectList
FNDA:0,(anonymous_3)
DA:4,0
DA:5,0
DA:14,0
DA:20,0
DA:28,0
DA:41,0
LF:6
LH:0
BRDA:16,0,0,0
BRDA:20,1,0,0
BRDA:20,1,1,0
BRDA:28,2,0,0
BRDA:28,2,1,0
BRF:5
BRH:0
end_of_record
TN:
SF:components\projects\ProjectModal.tsx
FN:16,ProjectModal
FN:24,(anonymous_3)
FNF:2
FNH:0
FNDA:0,ProjectModal
FNDA:0,(anonymous_3)
DA:3,0
DA:4,0
DA:5,0
DA:16,0
DA:22,0
DA:24,0
DA:25,0
DA:26,0
DA:27,0
DA:28,0
DA:30,0
LF:11
LH:0
BRDA:38,0,0,0
BRDA:38,0,1,0
BRF:2
BRH:0
end_of_record
TN:
SF:components\sprints\SprintCard.tsx
FN:17,SprintCard
FNF:1
FNH:0
FNDA:0,SprintCard
DA:4,0
DA:5,0
DA:6,0
DA:7,0
DA:17,0
LF:5
LH:0
BRDA:20,0,0,0
BRDA:44,1,0,0
BRDA:44,1,1,0
BRDA:45,2,0,0
BRDA:45,2,1,0
BRDA:48,3,0,0
BRDA:48,3,1,0
BRDA:49,4,0,0
BRDA:49,4,1,0
BRF:9
BRH:0
end_of_record
TN:
SF:components\sprints\SprintForm.tsx
FN:17,SprintForm
FN:33,(anonymous_3)
FNF:2
FNH:0
FNDA:0,SprintForm
FNDA:0,(anonymous_3)
DA:3,0
DA:4,0
DA:5,0
DA:6,0
DA:7,0
DA:8,0
DA:17,0
DA:23,0
DA:33,0
DA:34,0
DA:35,0
LF:11
LH:0
BRDA:17,0,0,0
BRDA:25,1,0,0
BRDA:25,1,1,0
BRDA:79,2,0,0
BRDA:79,2,1,0
BRF:5
BRH:0
end_of_record
TN:
SF:components\tasks\TaskCard.tsx
FN:15,TaskCard
FNF:1
FNH:0
FNDA:0,TaskCard
DA:4,0
DA:5,0
DA:6,0
DA:7,0
DA:15,0
DA:16,0
LF:6
LH:0
BRDA:15,0,0,0
BRDA:20,1,0,0
BRDA:20,1,1,0
BRDA:42,2,0,0
BRDA:42,2,1,0
BRDA:43,3,0,0
BRDA:43,3,1,0
BRDA:44,4,0,0
BRDA:44,4,1,0
BRF:9
BRH:0
end_of_record
TN:
SF:components\tasks\TaskFilters.tsx
FN:15,TaskFilters
FN:22,(anonymous_3)
FN:27,(anonymous_4)
FN:50,(anonymous_5)
FN:60,(anonymous_6)
FN:65,(anonymous_7)
FN:68,(anonymous_8)
FN:82,(anonymous_9)
FN:87,(anonymous_10)
FN:90,(anonymous_11)
FNF:10
FNH:0
FNDA:0,TaskFilters
FNDA:0,(anonymous_3)
FNDA:0,(anonymous_4)
FNDA:0,(anonymous_5)
FNDA:0,(anonymous_6)
FNDA:0,(anonymous_7)
FNDA:0,(anonymous_8)
FNDA:0,(anonymous_9)
FNDA:0,(anonymous_10)
FNDA:0,(anonymous_11)
DA:3,0
DA:5,0
DA:6,0
DA:7,0
DA:15,0
DA:20,0
DA:22,0
DA:23,0
DA:24,0
DA:27,0
DA:28,0
DA:29,0
DA:51,0
DA:52,0
DA:61,0
DA:66,0
DA:68,0
DA:69,0
DA:83,0
DA:88,0
DA:90,0
DA:91,0
LF:22
LH:0
BRDA:36,0,0,0
BRDA:66,1,0,0
BRDA:66,1,1,0
BRDA:88,2,0,0
BRDA:88,2,1,0
BRF:5
BRH:0
end_of_record
TN:
SF:components\tasks\TaskForm.tsx
FN:23,TaskForm
FN:63,(anonymous_3)
FN:104,(anonymous_4)
FN:217,(anonymous_5)
FN:225,(anonymous_6)
FN:236,(anonymous_7)
FNF:6
FNH:0
FNDA:0,TaskForm
FNDA:0,(anonymous_3)
FNDA:0,(anonymous_4)
FNDA:0,(anonymous_5)
FNDA:0,(anonymous_6)
FNDA:0,(anonymous_7)
DA:3,0
DA:4,0
DA:5,0
DA:6,0
DA:7,0
DA:8,0
DA:9,0
DA:11,0
DA:12,0
DA:23,0
DA:38,0
DA:58,0
DA:63,0
DA:64,0
DA:69,0
DA:70,0
DA:104,0
DA:217,0
DA:226,0
DA:236,0
LF:20
LH:0
BRDA:28,0,0,0
BRDA:40,1,0,0
BRDA:40,1,1,0
BRDA:233,2,0,0
BRDA:245,3,0,0
BRDA:252,4,0,0
BRDA:252,4,1,0
BRF:7
BRH:0
end_of_record
TN:
SF:components\tasks\TaskKanban.tsx
FN:19,TaskKanban
FN:34,(anonymous_3)
FN:40,(anonymous_4)
FN:52,(anonymous_5)
FN:55,(anonymous_6)
FN:64,(anonymous_7)
FNF:6
FNH:0
FNDA:0,TaskKanban
FNDA:0,(anonymous_3)
FNDA:0,(anonymous_4)
FNDA:0,(anonymous_5)
FNDA:0,(anonymous_6)
FNDA:0,(anonymous_7)
DA:5,0
DA:6,0
DA:7,0
DA:17,0
DA:19,0
DA:26,0
DA:34,0
DA:35,0
DA:41,0
DA:53,0
DA:55,0
DA:64,0
LF:12
LH:0
BRF:0
BRH:0
end_of_record
TN:
SF:components\tasks\TaskModal.tsx
FN:17,TaskModal
FN:27,(anonymous_3)
FNF:2
FNH:0
FNDA:0,TaskModal
FNDA:0,(anonymous_3)
DA:3,0
DA:4,0
DA:5,0
DA:17,0
DA:25,0
DA:27,0
DA:28,0
DA:29,0
DA:30,0
DA:31,0
DA:33,0
LF:11
LH:0
BRDA:41,0,0,0
BRDA:41,0,1,0
BRF:2
BRH:0
end_of_record
TN:
SF:components\tasks\TaskTable.tsx
FN:18,TaskTable
FN:52,(anonymous_3)
FN:82,(anonymous_4)
FN:89,(anonymous_5)
FNF:4
FNH:0
FNDA:0,TaskTable
FNDA:0,(anonymous_3)
FNDA:0,(anonymous_4)
FNDA:0,(anonymous_5)
DA:4,0
DA:5,0
DA:7,0
DA:8,0
DA:9,0
DA:18,0
DA:24,0
DA:53,0
DA:82,0
DA:90,0
DA:91,0
LF:11
LH:0
BRDA:24,0,0,0
BRDA:24,0,1,0
BRDA:72,1,0,0
BRDA:72,1,1,0
BRDA:73,2,0,0
BRDA:73,2,1,0
BRDA:74,3,0,0
BRDA:74,3,1,0
BRDA:90,4,0,0
BRDA:90,4,1,0
BRF:10
BRH:0
end_of_record
TN:
SF:components\tasks\ViewToggle.tsx
FN:11,ViewToggle
FN:15,(anonymous_2)
FN:28,(anonymous_3)
FNF:3
FNH:0
FNDA:0,ViewToggle
FNDA:0,(anonymous_2)
FNDA:0,(anonymous_3)
DA:3,0
DA:4,0
DA:11,0
DA:15,0
DA:28,0
LF:5
LH:0
BRDA:18,0,0,0
BRDA:18,0,1,0
BRDA:31,1,0,0
BRDA:31,1,1,0
BRF:4
BRH:0
end_of_record
TN:
SF:components\ui\Badge.tsx
FN:10,Badge
FNF:1
FNH:1
FNDA:13,Badge
DA:2,1
DA:10,13
DA:11,13
LF:3
LH:3
BRDA:10,0,0,5
BRF:1
BRH:1
end_of_record
TN:
SF:components\ui\Button.tsx
FN:16,Button
FNF:1
FNH:1
FNDA:14,Button
DA:2,1
DA:16,14
DA:27,14
DA:29,14
DA:36,14
LF:5
LH:5
BRDA:18,0,0,10
BRDA:19,1,0,11
BRDA:20,2,0,13
BRDA:21,3,0,13
BRDA:22,4,0,13
BRDA:23,5,0,13
BRDA:45,6,0,14
BRDA:45,6,1,13
BRDA:51,7,0,14
BRDA:51,7,1,1
BRDA:56,8,0,1
BRDA:56,8,1,13
BRF:12
BRH:12
end_of_record
TN:
SF:components\ui\Card.tsx
FN:9,Card
FN:17,CardHeader
FN:21,CardTitle
FN:25,CardContent
FN:29,CardFooter
FNF:5
FNH:5
FNDA:5,Card
FNDA:3,CardHeader
FNDA:3,CardTitle
FNDA:2,CardContent
FNDA:3,CardFooter
DA:2,1
DA:9,5
DA:17,3
DA:21,3
DA:25,2
DA:29,3
LF:6
LH:6
BRF:0
BRH:0
end_of_record
TN:
SF:components\ui\Input.tsx
FN:13,(anonymous_1)
FNF:1
FNH:1
FNDA:12,(anonymous_1)
DA:3,1
DA:4,1
DA:12,1
DA:37,1
DA:39,12
LF:5
LH:5
BRDA:13,0,0,9
BRDA:16,1,0,12
BRDA:25,2,0,12
BRDA:25,2,1,2
BRDA:30,3,0,12
BRDA:31,4,0,12
BRDA:31,4,1,1
BRF:7
BRH:7
end_of_record
TN:
SF:components\ui\Modal.tsx
FN:15,Modal
FN:27,(anonymous_2)
FNF:2
FNH:0
FNDA:0,Modal
FNDA:0,(anonymous_2)
DA:4,0
DA:5,0
DA:15,0
DA:16,0
DA:27,0
LF:5
LH:0
BRDA:16,0,0,0
BRDA:16,0,1,0
BRF:2
BRH:0
end_of_record
TN:
SF:components\ui\Select.tsx
FN:14,(anonymous_1)
FN:31,(anonymous_2)
FNF:2
FNH:0
FNDA:0,(anonymous_1)
FNDA:0,(anonymous_2)
DA:3,0
DA:4,0
DA:13,0
DA:32,0
DA:43,0
DA:45,0
LF:6
LH:0
BRDA:17,0,0,0
BRDA:25,1,0,0
BRDA:25,1,1,0
BRDA:30,2,0,0
BRDA:37,3,0,0
BRF:5
BRH:0
end_of_record
TN:
SF:components\ui\Spinner.tsx
FN:8,Spinner
FNF:1
FNH:0
FNDA:0,Spinner
DA:1,0
DA:8,0
DA:9,0
LF:3
LH:0
BRDA:8,0,0,0
BRF:1
BRH:0
end_of_record
TN:
SF:hooks\useAuth.ts
FN:9,useAuth
FN:15,(anonymous_2)
FN:16,(anonymous_3)
FN:37,(anonymous_4)
FN:40,(anonymous_5)
FN:64,(anonymous_6)
FN:79,(anonymous_7)
FN:94,(anonymous_8)
FNF:8
FNH:0
FNDA:0,useAuth
FNDA:0,(anonymous_2)
FNDA:0,(anonymous_3)
FNDA:0,(anonymous_4)
FNDA:0,(anonymous_5)
FNDA:0,(anonymous_6)
FNDA:0,(anonymous_7)
FNDA:0,(anonymous_8)
DA:3,0
DA:4,0
DA:5,0
DA:7,0
DA:9,0
DA:10,0
DA:11,0
DA:12,0
DA:13,0
DA:15,0
DA:16,0
DA:17,0
DA:18,0
DA:26,0
DA:27,0
DA:28,0
DA:30,0
DA:31,0
DA:32,0
DA:34,0
DA:37,0
DA:40,0
DA:41,0
DA:42,0
DA:43,0
DA:44,0
DA:45,0
DA:52,0
DA:53,0
DA:54,0
DA:55,0
DA:57,0
DA:58,0
DA:60,0
DA:64,0
DA:65,0
DA:66,0
DA:67,0
DA:68,0
DA:69,0
DA:70,0
DA:72,0
DA:73,0
DA:75,0
DA:79,0
DA:80,0
DA:81,0
DA:82,0
DA:83,0
DA:84,0
DA:85,0
DA:86,0
DA:88,0
DA:90,0
DA:94,0
DA:95,0
DA:98,0
LF:57
LH:0
BRDA:17,0,0,0
BRDA:17,0,1,0
BRDA:20,1,0,0
BRDA:20,1,1,0
BRDA:21,2,0,0
BRDA:21,2,1,0
BRDA:22,3,0,0
BRDA:22,3,1,0
BRDA:47,4,0,0
BRDA:47,4,1,0
BRDA:57,5,0,0
BRDA:57,5,1,0
BRDA:72,6,0,0
BRDA:72,6,1,0
BRF:14
BRH:0
end_of_record
TN:
SF:hooks\useFilters.ts
FN:13,useFilters
FN:16,(anonymous_2)
FN:17,(anonymous_3)
FN:20,(anonymous_4)
FN:21,(anonymous_5)
FN:24,(anonymous_6)
FN:25,(anonymous_7)
FN:28,(anonymous_8)
FN:29,(anonymous_9)
FN:32,(anonymous_10)
FN:36,(anonymous_11)
FNF:11
FNH:11
FNDA:20,useFilters
FNDA:5,(anonymous_2)
FNDA:5,(anonymous_3)
FNDA:4,(anonymous_4)
FNDA:4,(anonymous_5)
FNDA:3,(anonymous_6)
FNDA:3,(anonymous_7)
FNDA:3,(anonymous_8)
FNDA:3,(anonymous_9)
FNDA:1,(anonymous_10)
FNDA:20,(anonymous_11)
DA:3,1
DA:6,1
DA:13,20
DA:14,20
DA:16,20
DA:17,5
DA:20,20
DA:21,4
DA:24,20
DA:25,3
DA:28,20
DA:29,3
DA:32,20
DA:33,1
DA:36,20
DA:37,20
DA:38,20
DA:39,20
DA:40,20
DA:41,20
DA:42,20
DA:45,20
LF:22
LH:22
BRDA:38,0,0,7
BRDA:38,0,1,13
BRDA:39,1,0,7
BRDA:39,1,1,13
BRDA:40,2,0,4
BRDA:40,2,1,16
BRDA:41,3,0,3
BRDA:41,3,1,17
BRF:8
BRH:8
end_of_record
TN:
SF:hooks\useProjects.ts
FN:8,useProjects
FN:13,(anonymous_2)
FN:23,(anonymous_3)
FN:27,(anonymous_4)
FN:39,(anonymous_5)
FN:45,(anonymous_6)
FN:49,(anonymous_7)
FN:70,(anonymous_8)
FN:79,(anonymous_9)
FNF:9
FNH:0
FNDA:0,useProjects
FNDA:0,(anonymous_2)
FNDA:0,(anonymous_3)
FNDA:0,(anonymous_4)
FNDA:0,(anonymous_5)
FNDA:0,(anonymous_6)
FNDA:0,(anonymous_7)
FNDA:0,(anonymous_8)
FNDA:0,(anonymous_9)
DA:3,0
DA:4,0
DA:5,0
DA:8,0
DA:9,0
DA:10,0
DA:11,0
DA:13,0
DA:14,0
DA:15,0
DA:16,0
DA:17,0
DA:20,0
DA:21,0
DA:24,0
DA:25,0
DA:26,0
DA:27,0
DA:28,0
DA:30,0
DA:32,0
DA:34,0
DA:36,0
DA:40,0
DA:41,0
DA:45,0
DA:48,0
DA:50,0
DA:51,0
DA:52,0
DA:53,0
DA:58,0
DA:61,0
DA:63,0
DA:64,0
DA:70,0
DA:71,0
DA:72,0
DA:74,0
DA:75,0
DA:79,0
DA:80,0
DA:81,0
DA:83,0
DA:84,0
DA:88,0
LF:46
LH:0
BRDA:14,0,0,0
BRDA:14,0,1,0
BRDA:26,1,0,0
BRDA:26,1,1,0
BRDA:27,2,0,0
BRDA:27,2,1,0
BRF:6
BRH:0
end_of_record
TN:
SF:hooks\useSprints.ts
FN:8,useSprints
FN:13,(anonymous_2)
FN:23,(anonymous_3)
FN:27,(anonymous_4)
FN:28,(anonymous_5)
FN:39,(anonymous_6)
FN:45,(anonymous_7)
FN:49,(anonymous_8)
FN:70,(anonymous_9)
FN:79,(anonymous_10)
FNF:10
FNH:0
FNDA:0,useSprints
FNDA:0,(anonymous_2)
FNDA:0,(anonymous_3)
FNDA:0,(anonymous_4)
FNDA:0,(anonymous_5)
FNDA:0,(anonymous_6)
FNDA:0,(anonymous_7)
FNDA:0,(anonymous_8)
FNDA:0,(anonymous_9)
FNDA:0,(anonymous_10)
DA:3,0
DA:4,0
DA:5,0
DA:8,0
DA:9,0
DA:10,0
DA:11,0
DA:13,0
DA:14,0
DA:15,0
DA:16,0
DA:17,0
DA:20,0
DA:21,0
DA:24,0
DA:25,0
DA:26,0
DA:27,0
DA:28,0
DA:30,0
DA:32,0
DA:34,0
DA:36,0
DA:40,0
DA:41,0
DA:45,0
DA:48,0
DA:50,0
DA:51,0
DA:52,0
DA:53,0
DA:58,0
DA:61,0
DA:63,0
DA:64,0
DA:70,0
DA:71,0
DA:72,0
DA:74,0
DA:75,0
DA:79,0
DA:80,0
DA:81,0
DA:83,0
DA:84,0
DA:88,0
LF:46
LH:0
BRDA:14,0,0,0
BRDA:14,0,1,0
BRDA:26,1,0,0
BRDA:26,1,1,0
BRF:4
BRH:0
end_of_record
TN:
SF:hooks\useTasks.ts
FN:9,useTasks
FN:14,(anonymous_2)
FN:24,(anonymous_3)
FN:28,(anonymous_4)
FN:31,(anonymous_5)
FN:34,(anonymous_6)
FN:45,(anonymous_7)
FN:51,(anonymous_8)
FN:54,(anonymous_9)
FN:59,(anonymous_10)
FN:62,(anonymous_11)
FN:65,(anonymous_12)
FN:69,(anonymous_13)
FN:73,(anonymous_14)
FN:98,(anonymous_15)
FN:105,(anonymous_16)
FN:120,(anonymous_17)
FN:130,(anonymous_18)
FNF:18
FNH:0
FNDA:0,useTasks
FNDA:0,(anonymous_2)
FNDA:0,(anonymous_3)
FNDA:0,(anonymous_4)
FNDA:0,(anonymous_5)
FNDA:0,(anonymous_6)
FNDA:0,(anonymous_7)
FNDA:0,(anonymous_8)
FNDA:0,(anonymous_9)
FNDA:0,(anonymous_10)
FNDA:0,(anonymous_11)
FNDA:0,(anonymous_12)
FNDA:0,(anonymous_13)
FNDA:0,(anonymous_14)
FNDA:0,(anonymous_15)
FNDA:0,(anonymous_16)
FNDA:0,(anonymous_17)
FNDA:0,(anonymous_18)
DA:3,0
DA:4,0
DA:5,0
DA:7,0
DA:9,0
DA:10,0
DA:11,0
DA:12,0
DA:14,0
DA:15,0
DA:16,0
DA:17,0
DA:18,0
DA:21,0
DA:22,0
DA:25,0
DA:26,0
DA:27,0
DA:28,0
DA:30,0
DA:31,0
DA:34,0
DA:36,0
DA:38,0
DA:40,0
DA:42,0
DA:46,0
DA:47,0
DA:51,0
DA:54,0
DA:55,0
DA:57,0
DA:58,0
DA:59,0
DA:61,0
DA:62,0
DA:64,0
DA:65,0
DA:69,0
DA:72,0
DA:74,0
DA:75,0
DA:76,0
DA:77,0
DA:78,0
DA:86,0
DA:89,0
DA:91,0
DA:92,0
DA:98,0
DA:99,0
DA:100,0
DA:104,0
DA:105,0
DA:106,0
DA:107,0
DA:113,0
DA:115,0
DA:116,0
DA:120,0
DA:121,0
DA:122,0
DA:124,0
DA:125,0
DA:129,0
DA:131,0
DA:132,0
DA:133,0
DA:137,0
DA:138,0
DA:144,0
LF:71
LH:0
BRDA:15,0,0,0
BRDA:15,0,1,0
BRDA:27,1,0,0
BRDA:27,1,1,0
BRDA:30,2,0,0
BRDA:30,2,1,0
BRDA:57,3,0,0
BRDA:57,3,1,0
BRDA:58,4,0,0
BRDA:58,4,1,0
BRDA:61,5,0,0
BRDA:61,5,1,0
BRDA:64,6,0,0
BRDA:64,6,1,0
BRDA:104,7,0,0
BRDA:104,7,1,0
BRDA:104,8,0,0
BRDA:104,8,1,0
BRDA:106,9,0,0
BRDA:106,9,1,0
BRDA:108,10,0,0
BRDA:108,10,1,0
BRDA:109,11,0,0
BRDA:109,11,1,0
BRF:24
BRH:0
end_of_record
TN:
SF:lib\constants\fibonacciPoints.ts
FNF:0
FNH:0
DA:3,2
DA:5,6
LF:2
LH:2
BRF:0
BRH:0
end_of_record
TN:
SF:lib\constants\taskStates.ts
FNF:0
FNH:0
DA:3,6
DA:5,7
DA:13,5
LF:3
LH:3
BRF:0
BRH:0
end_of_record
TN:
SF:lib\firebase\config.ts
FNF:0
FNH:0
DA:1,0
DA:2,0
DA:3,0
DA:5,0
DA:16,0
DA:18,0
DA:19,0
DA:20,0
LF:8
LH:0
BRDA:6,0,0,0
BRDA:6,0,1,0
BRDA:7,1,0,0
BRDA:7,1,1,0
BRDA:8,2,0,0
BRDA:8,2,1,0
BRDA:9,3,0,0
BRDA:9,3,1,0
BRDA:10,4,0,0
BRDA:10,4,1,0
BRDA:11,5,0,0
BRDA:11,5,1,0
BRDA:12,6,0,0
BRDA:12,6,1,0
BRDA:16,7,0,0
BRDA:16,7,1,0
BRF:16
BRH:0
end_of_record
TN:
SF:lib\utils\calculations.ts
FN:3,(anonymous_6)
FN:7,(anonymous_7)
FN:9,(anonymous_8)
FN:13,(anonymous_9)
FN:15,(anonymous_10)
FN:16,(anonymous_11)
FN:19,(anonymous_12)
FN:21,(anonymous_13)
FN:22,(anonymous_14)
FN:23,(anonymous_15)
FN:24,(anonymous_16)
FN:25,(anonymous_17)
FN:38,(anonymous_18)
FN:41,(anonymous_19)
FNF:14
FNH:14
FNDA:6,(anonymous_6)
FNDA:3,(anonymous_7)
FNDA:6,(anonymous_8)
FNDA:3,(anonymous_9)
FNDA:9,(anonymous_10)
FNDA:3,(anonymous_11)
FNDA:2,(anonymous_12)
FNDA:6,(anonymous_13)
FNDA:6,(anonymous_14)
FNDA:6,(anonymous_15)
FNDA:6,(anonymous_16)
FNDA:6,(anonymous_17)
FNDA:1,(anonymous_18)
FNDA:4,(anonymous_19)
DA:3,6
DA:4,6
DA:7,3
DA:8,3
DA:9,6
DA:10,2
DA:13,3
DA:14,3
DA:15,9
DA:16,3
DA:19,2
DA:20,2
DA:21,6
DA:22,6
DA:23,6
DA:24,6
DA:25,6
DA:27,2
DA:38,1
DA:39,1
DA:41,1
DA:42,4
DA:43,2
DA:46,4
DA:47,2
DA:48,2
DA:49,1
DA:52,4
DA:53,2
DA:57,1
LF:30
LH:30
BRDA:4,0,0,6
BRDA:4,0,1,1
BRDA:8,1,0,1
BRDA:8,1,1,2
BRDA:15,2,0,9
BRDA:15,2,1,5
BRDA:34,3,0,1
BRDA:34,3,1,1
BRDA:42,4,0,2
BRDA:42,4,1,2
BRDA:46,5,0,2
BRDA:46,5,1,2
BRDA:48,6,0,1
BRDA:48,6,1,1
BRDA:52,7,0,2
BRDA:52,7,1,2
BRF:16
BRH:16
end_of_record
TN:
SF:lib\utils\cn.ts
FN:4,cn
FNF:1
FNH:1
FNDA:67,cn
DA:1,5
DA:2,5
DA:4,67
DA:5,67
LF:4
LH:4
BRF:0
BRH:0
end_of_record
TN:
SF:lib\utils\formatters.ts
FN:4,(anonymous_6)
FN:12,(anonymous_7)
FN:20,(anonymous_8)
FN:35,(anonymous_9)
FN:50,(anonymous_10)
FNF:5
FNH:5
FNDA:2,(anonymous_6)
FNDA:1,(anonymous_7)
FNDA:4,(anonymous_8)
FNDA:10,(anonymous_9)
FNDA:3,(anonymous_10)
DA:1,1
DA:2,1
DA:4,2
DA:5,2
DA:6,2
DA:8,1
DA:12,1
DA:13,1
DA:14,1
DA:16,0
DA:20,4
DA:21,4
DA:22,4
DA:23,4
DA:24,4
DA:25,4
DA:27,4
DA:28,3
DA:29,2
DA:30,1
DA:32,0
DA:35,10
DA:36,10
DA:47,10
DA:50,3
DA:51,3
DA:52,1
LF:27
LH:25
BRDA:27,0,0,1
BRDA:27,0,1,3
BRDA:28,1,0,1
BRDA:28,1,1,2
BRDA:29,2,0,1
BRDA:29,2,1,1
BRDA:30,3,0,1
BRDA:30,3,1,0
BRDA:47,4,0,10
BRDA:47,4,1,1
BRDA:51,5,0,2
BRDA:51,5,1,1
BRF:12
BRH:11
end_of_record
TN:
SF:lib\utils\validators.ts
FN:32,(anonymous_4)
FNF:1
FNH:1
FNDA:4,(anonymous_4)
DA:1,1
DA:3,4
DA:11,2
DA:18,5
DA:32,4
LF:5
LH:5
BRF:0
BRH:0
end_of_record
